<?xml version="1.0" encoding="UTF-8"?>
<!-- Generated by org.testng.reporters.JUnitXMLReporter -->
<testsuite ignored="1" hostname="LAPTOP-03NGPKIU" failures="0" tests="1" name="Default test" time="0.284" errors="0" timestamp="2022-06-24T16:13:55 EDT">
  <testcase classname="testCases.TreeTest2" name="@BeforeClass openinglink" time="-1.656101635209E9">
    <failure type="org.testng.TestNGException" message="
Parameter &amp;apos;Browser&amp;apos; is required by BeforeClass on method openinglink but has not been marked @Optional or defined
in C:\Users\prasa\AppData\Local\Temp\testng-eclipse-10980904\testng-customsuite.xml">
      <![CDATA[org.testng.TestNGException: 
Parameter 'Browser' is required by BeforeClass on method openinglink but has not been marked @Optional or defined
in C:\Users\prasa\AppData\Local\Temp\testng-eclipse-10980904\testng-customsuite.xml
at org.testng.internal.Parameters.createParams(Parameters.java:270)
at org.testng.internal.Parameters.createParametersForMethod(Parameters.java:358)
at org.testng.internal.Parameters.createParameters(Parameters.java:700)
at org.testng.internal.Parameters.createConfigurationParameters(Parameters.java:168)
at org.testng.internal.ConfigInvoker.invokeConfigurations(ConfigInvoker.java:302)
at org.testng.internal.TestMethodWorker.invokeBeforeClassMethods(TestMethodWorker.java:176)
at org.testng.internal.TestMethodWorker.run(TestMethodWorker.java:122)
at java.base/java.util.ArrayList.forEach(ArrayList.java:1511)
at org.testng.TestRunner.privateRun(TestRunner.java:794)
at org.testng.TestRunner.run(TestRunner.java:596)
at org.testng.SuiteRunner.runTest(SuiteRunner.java:377)
at org.testng.SuiteRunner.runSequentially(SuiteRunner.java:371)
at org.testng.SuiteRunner.privateRun(SuiteRunner.java:332)
at org.testng.SuiteRunner.run(SuiteRunner.java:276)
at org.testng.SuiteRunnerWorker.runSuite(SuiteRunnerWorker.java:53)
at org.testng.SuiteRunnerWorker.run(SuiteRunnerWorker.java:96)
at org.testng.TestNG.runSuitesSequentially(TestNG.java:1212)
at org.testng.TestNG.runSuitesLocally(TestNG.java:1134)
at org.testng.TestNG.runSuites(TestNG.java:1063)
at org.testng.TestNG.run(TestNG.java:1031)
at org.testng.remote.AbstractRemoteTestNG.run(AbstractRemoteTestNG.java:115)
at org.testng.remote.RemoteTestNG.initAndRun(RemoteTestNG.java:251)
at org.testng.remote.RemoteTestNG.main(RemoteTestNG.java:77)
]]>
    </failure>
  </testcase> <!-- @BeforeClass openinglink -->
  <testcase classname="testCases.TreeTest2" name="@BeforeMethod setup" time="-1.656101635426E9">
    <skipped/>
  </testcase> <!-- @BeforeMethod setup -->
  <testcase classname="testCases.TreeTest2" name="@AfterMethod tearDown" time="-1.656101635451E9">
    <skipped/>
  </testcase> <!-- @AfterMethod tearDown -->
  <testcase classname="testCases.TreeTest2" name="@AfterClass closing" time="-1.656101635456E9">
    <skipped/>
  </testcase> <!-- @AfterClass closing -->
  <testcase classname="testCases.TreeTest2" name="ovrvwOfTreesPage" time="0.0">
    <skipped/>
  </testcase> <!-- ovrvwOfTreesPage -->
  <testcase classname="testCases.TreeTest2" name="terminologiesPage" time="0.0">
    <ignored/>
  </testcase> <!-- terminologiesPage -->
</testsuite> <!-- Default test -->
