<?xml version="1.0" encoding="UTF-8"?>
<!-- Generated by org.testng.reporters.JUnitXMLReporter -->
<testsuite ignored="18" hostname="LAPTOP-03NGPKIU" failures="5" tests="51" name="Test" time="268.097" errors="0" timestamp="2022-06-27T16:19:45 EDT">
  <testcase classname="testCases.GetStartedTest" name="getSarted" time="0.696"/>
  <testcase classname="testCases.SignInTest" name="signInWithInvalidUnameInvalidPwd" time="3.27"/>
  <testcase classname="testCases.SignInTest" name="signInWithInvalidUnamevalidPwd" time="3.371">
    <failure type="java.lang.AssertionError" message="expected [Please check your user id] but found [Invalid Username and Password]">
      <![CDATA[java.lang.AssertionError: expected [Please check your user id] but found [Invalid Username and Password]
at testCases.SignInTest.signInWithInvalidUnamevalidPwd(SignInTest.java:100)
at java.base/java.util.ArrayList.forEach(ArrayList.java:1511)
... Removed 33 stack frames]]>
    </failure>
  </testcase> <!-- signInWithInvalidUnamevalidPwd -->
  <testcase classname="testCases.SignInTest" name="signInWithvalidUnameAndPwd" time="3.964"/>
  <testcase classname="testCases.SignInTest" name="signInWithvalidUnameInvalidPwd" time="3.196">
    <failure type="java.lang.AssertionError" message="expected [Please check your password] but found [Invalid Username and Password]">
      <![CDATA[java.lang.AssertionError: expected [Please check your password] but found [Invalid Username and Password]
at testCases.SignInTest.signInWithvalidUnameInvalidPwd(SignInTest.java:77)
at java.base/java.util.ArrayList.forEach(ArrayList.java:1511)
... Removed 33 stack frames]]>
    </failure>
  </testcase> <!-- signInWithvalidUnameInvalidPwd -->
  <testcase classname="testCases.SignInTest" name="signInWithvalidUnameNoPwd" time="2.679"/>
  <testcase classname="testCases.SignInTest" name="signOut" time="3.748"/>
  <testcase classname="testCases.LinkedListTest" name="creatingLlistpage" time="2.408"/>
  <testcase classname="testCases.LinkedListTest" name="creatingLlistpage" time="3.715"/>
  <testcase classname="testCases.LinkedListTest" name="deletionPage" time="6.016"/>
  <testcase classname="testCases.LinkedListTest" name="implLlistInPyPage" time="3.288"/>
  <testcase classname="testCases.LinkedListTest" name="insertionPage" time="5.221"/>
  <testcase classname="testCases.LinkedListTest" name="introductionpage" time="2.779"/>
  <testcase classname="testCases.LinkedListTest" name="pracQuestionsPage" time="0.685"/>
  <testcase classname="testCases.LinkedListTest" name="traversalPage" time="2.335"/>
  <testcase classname="testCases.LinkedListTest" name="typesOfLlistPage" time="2.584"/>
  <testcase classname="testCases.TreeTest" name="binaryTreesPage" time="2.242"/>
  <testcase classname="testCases.TreeTest" name="ovrvwOfTreesPage" time="1.039"/>
  <testcase classname="testCases.TreeTest" name="pracQuestionsPage" time="0.599"/>
  <testcase classname="testCases.TreeTest" name="terminologiesPage" time="2.158"/>
  <testcase classname="testCases.TreeTest" name="terminologiesPage" time="1.815"/>
  <testcase classname="testCases.TreeTest" name="travIllustartionPage" time="0.783"/>
  <testcase classname="testCases.TreeTest" name="treeTraversalsPage" time="1.136"/>
  <testcase classname="testCases.TreeTest" name="typesOfTreesPage" time="0.963"/>
  <testcase classname="testCases.GraphTest" name="GraphRepreOngraphPageURL" time="3.137"/>
  <testcase classname="testCases.GraphTest" name="TryHereGraphOngraphPageURL" time="5.342"/>
  <testcase classname="testCases.GraphTest" name="TryHereGraphrepresenationOngraphPageURL" time="4.497"/>
  <testcase classname="testCases.GraphTest" name="graphPageURL" time="2.955"/>
  <testcase classname="testCases.ArrayTest" name="ArrayPage" time="0.009"/>
  <testcase classname="testCases.ArrayTest" name="arraypython" time="3.058"/>
  <testcase classname="testCases.DataStructTest" name="clciktimecomplex" time="0.333"/>
  <testcase classname="testCases.StackPageTest" name="ApplicationsInStackPage" time="2.778"/>
  <testcase classname="testCases.StackPageTest" name="implementationInStackPage" time="2.103"/>
  <testcase classname="testCases.StackPageTest" name="operationInStackPage" time="3.522"/>
  <testcase classname="testCases.StackPageTest" name="operationInStackPage" time="3.789"/>
  <testcase classname="testCases.StackPageTest" name="stackPageURL" time="0.011"/>
  <testcase classname="testCases.QueuePageTest" name="ImplementationOfQueueinPython" time="3.195"/>
  <testcase classname="testCases.QueuePageTest" name="ImplementationOfQueueinPython" time="4.55"/>
  <testcase classname="testCases.QueuePageTest" name="ImplementationUsingArray" time="3.034"/>
  <testcase classname="testCases.QueuePageTest" name="ImplementationUsingCollectionsDeque" time="1.983"/>
  <testcase classname="testCases.QueuePageTest" name="QueueOperation" time="2.765"/>
  <testcase classname="testCases.QueuePageTest" name="QueuePageURL" time="0.009"/>
  <testcase classname="testCases.RegistrationTest" name="RegistreTest" time="3.45"/>
  <testcase classname="testCases.RegistrationTest" name="RegistreTest" time="3.363"/>
  <testcase classname="testCases.RegistrationTest" name="afterClickingSubmitwithAllEmptyfields" time="1.793"/>
  <testcase classname="testCases.RegistrationTest" name="afterClickingSubmitwithoutPwdCofirm" time="2.153"/>
  <testcase classname="testCases.RegistrationTest" name="pwdsLT8CharErrrMasg" time="2.094">
    <failure type="java.lang.AssertionError" message="expected [Password should contain atleast 8 characters] but found [password_mismatch:The two password fields didn’t match.]">
      <![CDATA[java.lang.AssertionError: expected [Password should contain atleast 8 characters] but found [password_mismatch:The two password fields didn’t match.]
at testCases.RegistrationTest.pwdsLT8CharErrrMasg(RegistrationTest.java:264)
at java.base/java.util.ArrayList.forEach(ArrayList.java:1511)
... Removed 33 stack frames]]>
    </failure>
  </testcase> <!-- pwdsLT8CharErrrMasg -->
  <testcase classname="testCases.RegistrationTest" name="pwdsOnlyNumErrrMasg" time="1.886">
    <failure type="java.lang.AssertionError" message="expected [Your password can’t be entirely numeric.] but found [password_mismatch:The two password fields didn’t match.]">
      <![CDATA[java.lang.AssertionError: expected [Your password can’t be entirely numeric.] but found [password_mismatch:The two password fields didn’t match.]
at testCases.RegistrationTest.pwdsOnlyNumErrrMasg(RegistrationTest.java:177)
at java.base/java.util.ArrayList.forEach(ArrayList.java:1511)
... Removed 33 stack frames]]>
    </failure>
  </testcase> <!-- pwdsOnlyNumErrrMasg -->
  <testcase classname="testCases.RegistrationTest" name="registerPageURL" time="1.182"/>
  <testcase classname="testCases.RegistrationTest" name="userNamewithNACharcters" time="1.859">
    <failure type="java.lang.AssertionError" message="expected [Please enter a valid username] but found [password_mismatch:The two password fields didn’t match.]">
      <![CDATA[java.lang.AssertionError: expected [Please enter a valid username] but found [password_mismatch:The two password fields didn’t match.]
at testCases.RegistrationTest.userNamewithNACharcters(RegistrationTest.java:206)
at java.base/java.util.ArrayList.forEach(ArrayList.java:1511)
... Removed 33 stack frames]]>
    </failure>
  </testcase> <!-- userNamewithNACharcters -->
  <testcase classname="testCases.RegistrationTest" name="usernameHovermsg" time="1.972"/>
  <testcase classname="base.BaseClass" name="@AfterSuite afterSuite" time="0.0">
    <ignored/>
  </testcase> <!-- @AfterSuite afterSuite -->
  <testcase classname="base.BaseClass" name="@AfterSuite afterSuite" time="0.0">
    <ignored/>
  </testcase> <!-- @AfterSuite afterSuite -->
  <testcase classname="base.BaseClass" name="@AfterSuite afterSuite" time="0.0">
    <ignored/>
  </testcase> <!-- @AfterSuite afterSuite -->
  <testcase classname="base.BaseClass" name="@AfterSuite afterSuite" time="0.0">
    <ignored/>
  </testcase> <!-- @AfterSuite afterSuite -->
  <testcase classname="base.BaseClass" name="@AfterSuite afterSuite" time="0.0">
    <ignored/>
  </testcase> <!-- @AfterSuite afterSuite -->
  <testcase classname="base.BaseClass" name="@AfterSuite afterSuite" time="0.0">
    <ignored/>
  </testcase> <!-- @AfterSuite afterSuite -->
  <testcase classname="base.BaseClass" name="@AfterSuite afterSuite" time="0.0">
    <ignored/>
  </testcase> <!-- @AfterSuite afterSuite -->
  <testcase classname="base.BaseClass" name="@AfterSuite afterSuite" time="0.0">
    <ignored/>
  </testcase> <!-- @AfterSuite afterSuite -->
  <testcase classname="base.BaseClass" name="@AfterSuite afterSuite" time="0.0">
    <ignored/>
  </testcase> <!-- @AfterSuite afterSuite -->
  <testcase classname="base.BaseClass" name="@BeforeSuite loadConfig" time="0.0">
    <ignored/>
  </testcase> <!-- @BeforeSuite loadConfig -->
  <testcase classname="base.BaseClass" name="@BeforeSuite loadConfig" time="0.0">
    <ignored/>
  </testcase> <!-- @BeforeSuite loadConfig -->
  <testcase classname="base.BaseClass" name="@BeforeSuite loadConfig" time="0.0">
    <ignored/>
  </testcase> <!-- @BeforeSuite loadConfig -->
  <testcase classname="base.BaseClass" name="@BeforeSuite loadConfig" time="0.0">
    <ignored/>
  </testcase> <!-- @BeforeSuite loadConfig -->
  <testcase classname="base.BaseClass" name="@BeforeSuite loadConfig" time="0.0">
    <ignored/>
  </testcase> <!-- @BeforeSuite loadConfig -->
  <testcase classname="base.BaseClass" name="@BeforeSuite loadConfig" time="0.0">
    <ignored/>
  </testcase> <!-- @BeforeSuite loadConfig -->
  <testcase classname="base.BaseClass" name="@BeforeSuite loadConfig" time="0.0">
    <ignored/>
  </testcase> <!-- @BeforeSuite loadConfig -->
  <testcase classname="base.BaseClass" name="@BeforeSuite loadConfig" time="0.0">
    <ignored/>
  </testcase> <!-- @BeforeSuite loadConfig -->
  <testcase classname="base.BaseClass" name="@BeforeSuite loadConfig" time="0.0">
    <ignored/>
  </testcase> <!-- @BeforeSuite loadConfig -->
</testsuite> <!-- Test -->
