<?xml version="1.0" encoding="UTF-8"?>
<!-- Generated by org.testng.reporters.JUnitXMLReporter -->
<testsuite ignored="18" hostname="LAPTOP-03NGPKIU" failures="5" tests="51" name="Test" time="235.24" errors="0" timestamp="2022-06-27T15:49:51 EDT">
  <testcase classname="testCases.GetStartedTest" name="getSarted" time="0.875"/>
  <testcase classname="testCases.SignInTest" name="signInWithInvalidUnameInvalidPwd" time="3.006"/>
  <testcase classname="testCases.SignInTest" name="signInWithInvalidUnamevalidPwd" time="3.025">
    <failure type="java.lang.AssertionError" message="expected [Please check your user id] but found [Invalid Username and Password]">
      <![CDATA[java.lang.AssertionError: expected [Please check your user id] but found [Invalid Username and Password]
at testCases.SignInTest.signInWithInvalidUnamevalidPwd(SignInTest.java:100)
at java.base/java.util.ArrayList.forEach(ArrayList.java:1511)
... Removed 37 stack frames]]>
    </failure>
  </testcase> <!-- signInWithInvalidUnamevalidPwd -->
  <testcase classname="testCases.SignInTest" name="signInWithvalidUnameAndPwd" time="3.13"/>
  <testcase classname="testCases.SignInTest" name="signInWithvalidUnameInvalidPwd" time="3.017">
    <failure type="java.lang.AssertionError" message="expected [Please check your password] but found [Invalid Username and Password]">
      <![CDATA[java.lang.AssertionError: expected [Please check your password] but found [Invalid Username and Password]
at testCases.SignInTest.signInWithvalidUnameInvalidPwd(SignInTest.java:77)
at java.base/java.util.ArrayList.forEach(ArrayList.java:1511)
... Removed 37 stack frames]]>
    </failure>
  </testcase> <!-- signInWithvalidUnameInvalidPwd -->
  <testcase classname="testCases.SignInTest" name="signInWithvalidUnameNoPwd" time="2.832"/>
  <testcase classname="testCases.SignInTest" name="signOut" time="3.515"/>
  <testcase classname="testCases.LinkedListTest" name="creatingLlistpage" time="3.069"/>
  <testcase classname="testCases.LinkedListTest" name="creatingLlistpage" time="1.695"/>
  <testcase classname="testCases.LinkedListTest" name="deletionPage" time="2.741"/>
  <testcase classname="testCases.LinkedListTest" name="implLlistInPyPage" time="2.274"/>
  <testcase classname="testCases.LinkedListTest" name="insertionPage" time="1.851"/>
  <testcase classname="testCases.LinkedListTest" name="introductionpage" time="4.402"/>
  <testcase classname="testCases.LinkedListTest" name="pracQuestionsPage" time="1.044"/>
  <testcase classname="testCases.LinkedListTest" name="traversalPage" time="1.761"/>
  <testcase classname="testCases.LinkedListTest" name="typesOfLlistPage" time="2.532"/>
  <testcase classname="testCases.TreeTest" name="binaryTreesPage" time="1.946"/>
  <testcase classname="testCases.TreeTest" name="ovrvwOfTreesPage" time="1.082"/>
  <testcase classname="testCases.TreeTest" name="pracQuestionsPage" time="0.542"/>
  <testcase classname="testCases.TreeTest" name="terminologiesPage" time="2.061"/>
  <testcase classname="testCases.TreeTest" name="terminologiesPage" time="1.918"/>
  <testcase classname="testCases.TreeTest" name="travIllustartionPage" time="0.689"/>
  <testcase classname="testCases.TreeTest" name="treeTraversalsPage" time="0.668"/>
  <testcase classname="testCases.TreeTest" name="typesOfTreesPage" time="1.099"/>
  <testcase classname="testCases.GraphTest" name="GraphRepreOngraphPageURL" time="2.952"/>
  <testcase classname="testCases.GraphTest" name="TryHereGraphOngraphPageURL" time="5.77"/>
  <testcase classname="testCases.GraphTest" name="TryHereGraphrepresenationOngraphPageURL" time="4.478"/>
  <testcase classname="testCases.GraphTest" name="graphPageURL" time="2.349"/>
  <testcase classname="testCases.ArrayTest" name="ArrayPage" time="0.006"/>
  <testcase classname="testCases.ArrayTest" name="arraypython" time="2.541"/>
  <testcase classname="testCases.DataStructTest" name="clciktimecomplex" time="0.317"/>
  <testcase classname="testCases.StackPageTest" name="ApplicationsInStackPage" time="1.769"/>
  <testcase classname="testCases.StackPageTest" name="implementationInStackPage" time="1.683"/>
  <testcase classname="testCases.StackPageTest" name="operationInStackPage" time="1.895"/>
  <testcase classname="testCases.StackPageTest" name="operationInStackPage" time="1.838"/>
  <testcase classname="testCases.StackPageTest" name="stackPageURL" time="0.01"/>
  <testcase classname="testCases.QueuePageTest" name="ImplementationOfQueueinPython" time="1.975"/>
  <testcase classname="testCases.QueuePageTest" name="ImplementationOfQueueinPython" time="2.205"/>
  <testcase classname="testCases.QueuePageTest" name="ImplementationUsingArray" time="2.486"/>
  <testcase classname="testCases.QueuePageTest" name="ImplementationUsingCollectionsDeque" time="2.315"/>
  <testcase classname="testCases.QueuePageTest" name="QueueOperation" time="1.827"/>
  <testcase classname="testCases.QueuePageTest" name="QueuePageURL" time="0.008"/>
  <testcase classname="testCases.RegistrationTest" name="RegistreTest" time="3.284"/>
  <testcase classname="testCases.RegistrationTest" name="RegistreTest" time="3.352"/>
  <testcase classname="testCases.RegistrationTest" name="afterClickingSubmitwithAllEmptyfields" time="1.69"/>
  <testcase classname="testCases.RegistrationTest" name="afterClickingSubmitwithoutPwdCofirm" time="2.16"/>
  <testcase classname="testCases.RegistrationTest" name="pwdsLT8CharErrrMasg" time="1.855">
    <failure type="java.lang.AssertionError" message="expected [Password should contain atleast 8 characters] but found [password_mismatch:The two password fields didn’t match.]">
      <![CDATA[java.lang.AssertionError: expected [Password should contain atleast 8 characters] but found [password_mismatch:The two password fields didn’t match.]
at testCases.RegistrationTest.pwdsLT8CharErrrMasg(RegistrationTest.java:264)
at java.base/java.util.ArrayList.forEach(ArrayList.java:1511)
... Removed 37 stack frames]]>
    </failure>
  </testcase> <!-- pwdsLT8CharErrrMasg -->
  <testcase classname="testCases.RegistrationTest" name="pwdsOnlyNumErrrMasg" time="2.008">
    <failure type="java.lang.AssertionError" message="expected [Your password can’t be entirely numeric.] but found [password_mismatch:The two password fields didn’t match.]">
      <![CDATA[java.lang.AssertionError: expected [Your password can’t be entirely numeric.] but found [password_mismatch:The two password fields didn’t match.]
at testCases.RegistrationTest.pwdsOnlyNumErrrMasg(RegistrationTest.java:177)
at java.base/java.util.ArrayList.forEach(ArrayList.java:1511)
... Removed 37 stack frames]]>
    </failure>
  </testcase> <!-- pwdsOnlyNumErrrMasg -->
  <testcase classname="testCases.RegistrationTest" name="registerPageURL" time="0.854"/>
  <testcase classname="testCases.RegistrationTest" name="userNamewithNACharcters" time="1.823">
    <failure type="java.lang.AssertionError" message="expected [Please enter a valid username] but found [password_mismatch:The two password fields didn’t match.]">
      <![CDATA[java.lang.AssertionError: expected [Please enter a valid username] but found [password_mismatch:The two password fields didn’t match.]
at testCases.RegistrationTest.userNamewithNACharcters(RegistrationTest.java:206)
at java.base/java.util.ArrayList.forEach(ArrayList.java:1511)
... Removed 37 stack frames]]>
    </failure>
  </testcase> <!-- userNamewithNACharcters -->
  <testcase classname="testCases.RegistrationTest" name="usernameHovermsg" time="2.114"/>
  <testcase classname="base.BaseClass" name="@AfterSuite afterSuite" time="0.0">
    <ignored/>
  </testcase> <!-- @AfterSuite afterSuite -->
  <testcase classname="base.BaseClass" name="@AfterSuite afterSuite" time="0.0">
    <ignored/>
  </testcase> <!-- @AfterSuite afterSuite -->
  <testcase classname="base.BaseClass" name="@AfterSuite afterSuite" time="0.0">
    <ignored/>
  </testcase> <!-- @AfterSuite afterSuite -->
  <testcase classname="base.BaseClass" name="@AfterSuite afterSuite" time="0.0">
    <ignored/>
  </testcase> <!-- @AfterSuite afterSuite -->
  <testcase classname="base.BaseClass" name="@AfterSuite afterSuite" time="0.0">
    <ignored/>
  </testcase> <!-- @AfterSuite afterSuite -->
  <testcase classname="base.BaseClass" name="@AfterSuite afterSuite" time="0.0">
    <ignored/>
  </testcase> <!-- @AfterSuite afterSuite -->
  <testcase classname="base.BaseClass" name="@AfterSuite afterSuite" time="0.0">
    <ignored/>
  </testcase> <!-- @AfterSuite afterSuite -->
  <testcase classname="base.BaseClass" name="@AfterSuite afterSuite" time="0.0">
    <ignored/>
  </testcase> <!-- @AfterSuite afterSuite -->
  <testcase classname="base.BaseClass" name="@AfterSuite afterSuite" time="0.0">
    <ignored/>
  </testcase> <!-- @AfterSuite afterSuite -->
  <testcase classname="base.BaseClass" name="@BeforeSuite loadConfig" time="0.0">
    <ignored/>
  </testcase> <!-- @BeforeSuite loadConfig -->
  <testcase classname="base.BaseClass" name="@BeforeSuite loadConfig" time="0.0">
    <ignored/>
  </testcase> <!-- @BeforeSuite loadConfig -->
  <testcase classname="base.BaseClass" name="@BeforeSuite loadConfig" time="0.0">
    <ignored/>
  </testcase> <!-- @BeforeSuite loadConfig -->
  <testcase classname="base.BaseClass" name="@BeforeSuite loadConfig" time="0.0">
    <ignored/>
  </testcase> <!-- @BeforeSuite loadConfig -->
  <testcase classname="base.BaseClass" name="@BeforeSuite loadConfig" time="0.0">
    <ignored/>
  </testcase> <!-- @BeforeSuite loadConfig -->
  <testcase classname="base.BaseClass" name="@BeforeSuite loadConfig" time="0.0">
    <ignored/>
  </testcase> <!-- @BeforeSuite loadConfig -->
  <testcase classname="base.BaseClass" name="@BeforeSuite loadConfig" time="0.0">
    <ignored/>
  </testcase> <!-- @BeforeSuite loadConfig -->
  <testcase classname="base.BaseClass" name="@BeforeSuite loadConfig" time="0.0">
    <ignored/>
  </testcase> <!-- @BeforeSuite loadConfig -->
  <testcase classname="base.BaseClass" name="@BeforeSuite loadConfig" time="0.0">
    <ignored/>
  </testcase> <!-- @BeforeSuite loadConfig -->
</testsuite> <!-- Test -->
