<?xml version="1.0" encoding="UTF-8"?>
<testsuite xmlns:xsi="http://www.w3.org/2001/XMLSchema-instance" xsi:noNamespaceSchemaLocation="https://maven.apache.org/surefire/maven-surefire-plugin/xsd/surefire-test-report-3.0.xsd" version="3.0" name="TestSuite" time="237.825" tests="51" errors="0" skipped="0" failures="5">
  <properties>
    <property name="java.specification.version" value="17"/>
    <property name="webdriver.chrome.driver" value="C:\Users\prasa\.m2\repository\webdriver\chromedriver\win32\102.0.5005.61\chromedriver.exe"/>
    <property name="sun.cpu.isalist" value="amd64"/>
    <property name="sun.jnu.encoding" value="Cp1252"/>
    <property name="java.class.path" value="C:\softwares\workspace\Selenium\DS_ALGO\target\test-classes;C:\softwares\workspace\Selenium\DS_ALGO\target\classes;C:\Users\prasa\.m2\repository\org\seleniumhq\selenium\selenium-java\3.141.59\selenium-java-3.141.59.jar;C:\Users\prasa\.m2\repository\org\seleniumhq\selenium\selenium-api\3.141.59\selenium-api-3.141.59.jar;C:\Users\prasa\.m2\repository\org\seleniumhq\selenium\selenium-chrome-driver\3.141.59\selenium-chrome-driver-3.141.59.jar;C:\Users\prasa\.m2\repository\org\seleniumhq\selenium\selenium-edge-driver\3.141.59\selenium-edge-driver-3.141.59.jar;C:\Users\prasa\.m2\repository\org\seleniumhq\selenium\selenium-firefox-driver\3.141.59\selenium-firefox-driver-3.141.59.jar;C:\Users\prasa\.m2\repository\org\seleniumhq\selenium\selenium-ie-driver\3.141.59\selenium-ie-driver-3.141.59.jar;C:\Users\prasa\.m2\repository\org\seleniumhq\selenium\selenium-opera-driver\3.141.59\selenium-opera-driver-3.141.59.jar;C:\Users\prasa\.m2\repository\org\seleniumhq\selenium\selenium-remote-driver\3.141.59\selenium-remote-driver-3.141.59.jar;C:\Users\prasa\.m2\repository\org\seleniumhq\selenium\selenium-safari-driver\3.141.59\selenium-safari-driver-3.141.59.jar;C:\Users\prasa\.m2\repository\org\seleniumhq\selenium\selenium-support\3.141.59\selenium-support-3.141.59.jar;C:\Users\prasa\.m2\repository\net\bytebuddy\byte-buddy\1.8.15\byte-buddy-1.8.15.jar;C:\Users\prasa\.m2\repository\org\apache\commons\commons-exec\1.3\commons-exec-1.3.jar;C:\Users\prasa\.m2\repository\com\google\guava\guava\25.0-jre\guava-25.0-jre.jar;C:\Users\prasa\.m2\repository\com\google\code\findbugs\jsr305\1.3.9\jsr305-1.3.9.jar;C:\Users\prasa\.m2\repository\org\checkerframework\checker-compat-qual\2.0.0\checker-compat-qual-2.0.0.jar;C:\Users\prasa\.m2\repository\com\google\errorprone\error_prone_annotations\2.1.3\error_prone_annotations-2.1.3.jar;C:\Users\prasa\.m2\repository\com\google\j2objc\j2objc-annotations\1.1\j2objc-annotations-1.1.jar;C:\Users\prasa\.m2\repository\org\codehaus\mojo\animal-sniffer-annotations\1.14\animal-sniffer-annotations-1.14.jar;C:\Users\prasa\.m2\repository\com\squareup\okhttp3\okhttp\3.11.0\okhttp-3.11.0.jar;C:\Users\prasa\.m2\repository\com\squareup\okio\okio\1.14.0\okio-1.14.0.jar;C:\Users\prasa\.m2\repository\org\testng\testng\7.4.0\testng-7.4.0.jar;C:\Users\prasa\.m2\repository\com\beust\jcommander\1.78\jcommander-1.78.jar;C:\Users\prasa\.m2\repository\org\webjars\jquery\3.5.1\jquery-3.5.1.jar;C:\Users\prasa\.m2\repository\org\apache\poi\poi\4.1.2\poi-4.1.2.jar;C:\Users\prasa\.m2\repository\commons-codec\commons-codec\1.13\commons-codec-1.13.jar;C:\Users\prasa\.m2\repository\org\apache\commons\commons-collections4\4.4\commons-collections4-4.4.jar;C:\Users\prasa\.m2\repository\org\apache\commons\commons-math3\3.6.1\commons-math3-3.6.1.jar;C:\Users\prasa\.m2\repository\com\zaxxer\SparseBitSet\1.2\SparseBitSet-1.2.jar;C:\Users\prasa\.m2\repository\org\apache\poi\poi-ooxml\4.1.2\poi-ooxml-4.1.2.jar;C:\Users\prasa\.m2\repository\org\apache\poi\poi-ooxml-schemas\4.1.2\poi-ooxml-schemas-4.1.2.jar;C:\Users\prasa\.m2\repository\org\apache\xmlbeans\xmlbeans\3.1.0\xmlbeans-3.1.0.jar;C:\Users\prasa\.m2\repository\org\apache\commons\commons-compress\1.19\commons-compress-1.19.jar;C:\Users\prasa\.m2\repository\com\github\virtuald\curvesapi\1.06\curvesapi-1.06.jar;C:\Users\prasa\.m2\repository\com\aventstack\extentreports\4.0.9\extentreports-4.0.9.jar;C:\Users\prasa\.m2\repository\org\freemarker\freemarker\2.3.23\freemarker-2.3.23.jar;C:\Users\prasa\.m2\repository\org\mongodb\mongodb-driver\3.3.0\mongodb-driver-3.3.0.jar;C:\Users\prasa\.m2\repository\org\mongodb\mongodb-driver-core\3.3.0\mongodb-driver-core-3.3.0.jar;C:\Users\prasa\.m2\repository\org\mongodb\bson\3.3.0\bson-3.3.0.jar;C:\Users\prasa\.m2\repository\org\apache\httpcomponents\httpclient\4.5.2\httpclient-4.5.2.jar;C:\Users\prasa\.m2\repository\org\apache\httpcomponents\httpcore\4.4.4\httpcore-4.4.4.jar;C:\Users\prasa\.m2\repository\commons-logging\commons-logging\1.2\commons-logging-1.2.jar;C:\Users\prasa\.m2\repository\org\apache\httpcomponents\httpmime\4.5.2\httpmime-4.5.2.jar;C:\Users\prasa\.m2\repository\com\google\code\gson\gson\2.8.5\gson-2.8.5.jar;C:\Users\prasa\.m2\repository\commons-io\commons-io\2.6\commons-io-2.6.jar;C:\Users\prasa\.m2\repository\log4j\log4j\1.2.17\log4j-1.2.17.jar;C:\Users\prasa\.m2\repository\io\github\bonigarcia\webdrivermanager\4.0.0\webdrivermanager-4.0.0.jar;C:\Users\prasa\.m2\repository\org\slf4j\slf4j-api\1.7.30\slf4j-api-1.7.30.jar;C:\Users\prasa\.m2\repository\org\apache\commons\commons-lang3\3.10\commons-lang3-3.10.jar;C:\Users\prasa\.m2\repository\org\apache\httpcomponents\client5\httpclient5\5.0\httpclient5-5.0.jar;C:\Users\prasa\.m2\repository\org\apache\httpcomponents\core5\httpcore5\5.0\httpcore5-5.0.jar;C:\Users\prasa\.m2\repository\org\apache\httpcomponents\core5\httpcore5-h2\5.0\httpcore5-h2-5.0.jar;C:\Users\prasa\.m2\repository\org\rauschig\jarchivelib\1.0.0\jarchivelib-1.0.0.jar;C:\Users\prasa\.m2\repository\org\jsoup\jsoup\1.13.1\jsoup-1.13.1.jar;C:\Users\prasa\.m2\repository\ru\yandex\qatools\ashot\ashot\1.5.4\ashot-1.5.4.jar;C:\Users\prasa\.m2\repository\org\hamcrest\hamcrest-core\1.3\hamcrest-core-1.3.jar;C:\Users\prasa\.m2\repository\io\qameta\allure\allure-testng\2.13.9\allure-testng-2.13.9.jar;C:\Users\prasa\.m2\repository\io\qameta\allure\allure-java-commons\2.13.9\allure-java-commons-2.13.9.jar;C:\Users\prasa\.m2\repository\io\qameta\allure\allure-model\2.13.9\allure-model-2.13.9.jar;C:\Users\prasa\.m2\repository\com\fasterxml\jackson\core\jackson-databind\2.12.2\jackson-databind-2.12.2.jar;C:\Users\prasa\.m2\repository\com\fasterxml\jackson\core\jackson-annotations\2.12.2\jackson-annotations-2.12.2.jar;C:\Users\prasa\.m2\repository\com\fasterxml\jackson\core\jackson-core\2.12.2\jackson-core-2.12.2.jar;C:\Users\prasa\.m2\repository\org\apache\tika\tika-core\1.25\tika-core-1.25.jar;C:\Users\prasa\.m2\repository\org\jooq\joor-java-8\0.9.13\joor-java-8-0.9.13.jar;C:\Users\prasa\.m2\repository\io\qameta\allure\allure-test-filter\2.13.9\allure-test-filter-2.13.9.jar;C:\Users\prasa\.m2\repository\org\aspectj\aspectjweaver\1.9.6\aspectjweaver-1.9.6.jar;"/>
    <property name="java.vm.vendor" value="Oracle Corporation"/>
    <property name="sun.arch.data.model" value="64"/>
    <property name="user.variant" value=""/>
    <property name="java.vendor.url" value="https://java.oracle.com/"/>
    <property name="user.timezone" value="America/New_York"/>
    <property name="os.name" value="Windows 11"/>
    <property name="java.vm.specification.version" value="17"/>
    <property name="sun.java.launcher" value="SUN_STANDARD"/>
    <property name="user.country" value="US"/>
    <property name="sun.boot.library.path" value="C:\Program Files\Java\jdk-17.0.3.1\bin"/>
    <property name="sun.java.command" value="C:\Users\prasa\AppData\Local\Temp\surefire2334517774368132990\surefirebooter14448395217901462961.jar C:\Users\prasa\AppData\Local\Temp\surefire2334517774368132990 2022-06-27T15-45-53_182-jvmRun1 surefire3085180022244949654tmp surefire_09116321805384847541tmp"/>
    <property name="jdk.debug" value="release"/>
    <property name="surefire.test.class.path" value="C:\softwares\workspace\Selenium\DS_ALGO\target\test-classes;C:\softwares\workspace\Selenium\DS_ALGO\target\classes;C:\Users\prasa\.m2\repository\org\seleniumhq\selenium\selenium-java\3.141.59\selenium-java-3.141.59.jar;C:\Users\prasa\.m2\repository\org\seleniumhq\selenium\selenium-api\3.141.59\selenium-api-3.141.59.jar;C:\Users\prasa\.m2\repository\org\seleniumhq\selenium\selenium-chrome-driver\3.141.59\selenium-chrome-driver-3.141.59.jar;C:\Users\prasa\.m2\repository\org\seleniumhq\selenium\selenium-edge-driver\3.141.59\selenium-edge-driver-3.141.59.jar;C:\Users\prasa\.m2\repository\org\seleniumhq\selenium\selenium-firefox-driver\3.141.59\selenium-firefox-driver-3.141.59.jar;C:\Users\prasa\.m2\repository\org\seleniumhq\selenium\selenium-ie-driver\3.141.59\selenium-ie-driver-3.141.59.jar;C:\Users\prasa\.m2\repository\org\seleniumhq\selenium\selenium-opera-driver\3.141.59\selenium-opera-driver-3.141.59.jar;C:\Users\prasa\.m2\repository\org\seleniumhq\selenium\selenium-remote-driver\3.141.59\selenium-remote-driver-3.141.59.jar;C:\Users\prasa\.m2\repository\org\seleniumhq\selenium\selenium-safari-driver\3.141.59\selenium-safari-driver-3.141.59.jar;C:\Users\prasa\.m2\repository\org\seleniumhq\selenium\selenium-support\3.141.59\selenium-support-3.141.59.jar;C:\Users\prasa\.m2\repository\net\bytebuddy\byte-buddy\1.8.15\byte-buddy-1.8.15.jar;C:\Users\prasa\.m2\repository\org\apache\commons\commons-exec\1.3\commons-exec-1.3.jar;C:\Users\prasa\.m2\repository\com\google\guava\guava\25.0-jre\guava-25.0-jre.jar;C:\Users\prasa\.m2\repository\com\google\code\findbugs\jsr305\1.3.9\jsr305-1.3.9.jar;C:\Users\prasa\.m2\repository\org\checkerframework\checker-compat-qual\2.0.0\checker-compat-qual-2.0.0.jar;C:\Users\prasa\.m2\repository\com\google\errorprone\error_prone_annotations\2.1.3\error_prone_annotations-2.1.3.jar;C:\Users\prasa\.m2\repository\com\google\j2objc\j2objc-annotations\1.1\j2objc-annotations-1.1.jar;C:\Users\prasa\.m2\repository\org\codehaus\mojo\animal-sniffer-annotations\1.14\animal-sniffer-annotations-1.14.jar;C:\Users\prasa\.m2\repository\com\squareup\okhttp3\okhttp\3.11.0\okhttp-3.11.0.jar;C:\Users\prasa\.m2\repository\com\squareup\okio\okio\1.14.0\okio-1.14.0.jar;C:\Users\prasa\.m2\repository\org\testng\testng\7.4.0\testng-7.4.0.jar;C:\Users\prasa\.m2\repository\com\beust\jcommander\1.78\jcommander-1.78.jar;C:\Users\prasa\.m2\repository\org\webjars\jquery\3.5.1\jquery-3.5.1.jar;C:\Users\prasa\.m2\repository\org\apache\poi\poi\4.1.2\poi-4.1.2.jar;C:\Users\prasa\.m2\repository\commons-codec\commons-codec\1.13\commons-codec-1.13.jar;C:\Users\prasa\.m2\repository\org\apache\commons\commons-collections4\4.4\commons-collections4-4.4.jar;C:\Users\prasa\.m2\repository\org\apache\commons\commons-math3\3.6.1\commons-math3-3.6.1.jar;C:\Users\prasa\.m2\repository\com\zaxxer\SparseBitSet\1.2\SparseBitSet-1.2.jar;C:\Users\prasa\.m2\repository\org\apache\poi\poi-ooxml\4.1.2\poi-ooxml-4.1.2.jar;C:\Users\prasa\.m2\repository\org\apache\poi\poi-ooxml-schemas\4.1.2\poi-ooxml-schemas-4.1.2.jar;C:\Users\prasa\.m2\repository\org\apache\xmlbeans\xmlbeans\3.1.0\xmlbeans-3.1.0.jar;C:\Users\prasa\.m2\repository\org\apache\commons\commons-compress\1.19\commons-compress-1.19.jar;C:\Users\prasa\.m2\repository\com\github\virtuald\curvesapi\1.06\curvesapi-1.06.jar;C:\Users\prasa\.m2\repository\com\aventstack\extentreports\4.0.9\extentreports-4.0.9.jar;C:\Users\prasa\.m2\repository\org\freemarker\freemarker\2.3.23\freemarker-2.3.23.jar;C:\Users\prasa\.m2\repository\org\mongodb\mongodb-driver\3.3.0\mongodb-driver-3.3.0.jar;C:\Users\prasa\.m2\repository\org\mongodb\mongodb-driver-core\3.3.0\mongodb-driver-core-3.3.0.jar;C:\Users\prasa\.m2\repository\org\mongodb\bson\3.3.0\bson-3.3.0.jar;C:\Users\prasa\.m2\repository\org\apache\httpcomponents\httpclient\4.5.2\httpclient-4.5.2.jar;C:\Users\prasa\.m2\repository\org\apache\httpcomponents\httpcore\4.4.4\httpcore-4.4.4.jar;C:\Users\prasa\.m2\repository\commons-logging\commons-logging\1.2\commons-logging-1.2.jar;C:\Users\prasa\.m2\repository\org\apache\httpcomponents\httpmime\4.5.2\httpmime-4.5.2.jar;C:\Users\prasa\.m2\repository\com\google\code\gson\gson\2.8.5\gson-2.8.5.jar;C:\Users\prasa\.m2\repository\commons-io\commons-io\2.6\commons-io-2.6.jar;C:\Users\prasa\.m2\repository\log4j\log4j\1.2.17\log4j-1.2.17.jar;C:\Users\prasa\.m2\repository\io\github\bonigarcia\webdrivermanager\4.0.0\webdrivermanager-4.0.0.jar;C:\Users\prasa\.m2\repository\org\slf4j\slf4j-api\1.7.30\slf4j-api-1.7.30.jar;C:\Users\prasa\.m2\repository\org\apache\commons\commons-lang3\3.10\commons-lang3-3.10.jar;C:\Users\prasa\.m2\repository\org\apache\httpcomponents\client5\httpclient5\5.0\httpclient5-5.0.jar;C:\Users\prasa\.m2\repository\org\apache\httpcomponents\core5\httpcore5\5.0\httpcore5-5.0.jar;C:\Users\prasa\.m2\repository\org\apache\httpcomponents\core5\httpcore5-h2\5.0\httpcore5-h2-5.0.jar;C:\Users\prasa\.m2\repository\org\rauschig\jarchivelib\1.0.0\jarchivelib-1.0.0.jar;C:\Users\prasa\.m2\repository\org\jsoup\jsoup\1.13.1\jsoup-1.13.1.jar;C:\Users\prasa\.m2\repository\ru\yandex\qatools\ashot\ashot\1.5.4\ashot-1.5.4.jar;C:\Users\prasa\.m2\repository\org\hamcrest\hamcrest-core\1.3\hamcrest-core-1.3.jar;C:\Users\prasa\.m2\repository\io\qameta\allure\allure-testng\2.13.9\allure-testng-2.13.9.jar;C:\Users\prasa\.m2\repository\io\qameta\allure\allure-java-commons\2.13.9\allure-java-commons-2.13.9.jar;C:\Users\prasa\.m2\repository\io\qameta\allure\allure-model\2.13.9\allure-model-2.13.9.jar;C:\Users\prasa\.m2\repository\com\fasterxml\jackson\core\jackson-databind\2.12.2\jackson-databind-2.12.2.jar;C:\Users\prasa\.m2\repository\com\fasterxml\jackson\core\jackson-annotations\2.12.2\jackson-annotations-2.12.2.jar;C:\Users\prasa\.m2\repository\com\fasterxml\jackson\core\jackson-core\2.12.2\jackson-core-2.12.2.jar;C:\Users\prasa\.m2\repository\org\apache\tika\tika-core\1.25\tika-core-1.25.jar;C:\Users\prasa\.m2\repository\org\jooq\joor-java-8\0.9.13\joor-java-8-0.9.13.jar;C:\Users\prasa\.m2\repository\io\qameta\allure\allure-test-filter\2.13.9\allure-test-filter-2.13.9.jar;C:\Users\prasa\.m2\repository\org\aspectj\aspectjweaver\1.9.6\aspectjweaver-1.9.6.jar;"/>
    <property name="sun.cpu.endian" value="little"/>
    <property name="user.home" value="C:\Users\prasa"/>
    <property name="user.language" value="en"/>
    <property name="java.specification.vendor" value="Oracle Corporation"/>
    <property name="java.version.date" value="2022-04-22"/>
    <property name="java.home" value="C:\Program Files\Java\jdk-17.0.3.1"/>
    <property name="file.separator" value="\"/>
    <property name="basedir" value="C:\softwares\workspace\Selenium\DS_ALGO"/>
    <property name="java.vm.compressedOopsMode" value="Zero based"/>
    <property name="line.separator" value="&#10;"/>
    <property name="java.vm.specification.vendor" value="Oracle Corporation"/>
    <property name="java.specification.name" value="Java Platform API Specification"/>
    <property name="surefire.real.class.path" value="C:\Users\prasa\AppData\Local\Temp\surefire2334517774368132990\surefirebooter14448395217901462961.jar"/>
    <property name="user.script" value=""/>
    <property name="sun.management.compiler" value="HotSpot 64-Bit Tiered Compilers"/>
    <property name="java.runtime.version" value="17.0.3.1+2-LTS-6"/>
    <property name="user.name" value="prasa"/>
    <property name="path.separator" value=";"/>
    <property name="os.version" value="10.0"/>
    <property name="java.runtime.name" value="Java(TM) SE Runtime Environment"/>
    <property name="file.encoding" value="Cp1252"/>
    <property name="java.vm.name" value="Java HotSpot(TM) 64-Bit Server VM"/>
    <property name="localRepository" value="C:\Users\prasa\.m2\repository"/>
    <property name="java.vendor.url.bug" value="https://bugreport.java.com/bugreport/"/>
    <property name="java.io.tmpdir" value="C:\Users\prasa\AppData\Local\Temp\"/>
    <property name="java.version" value="17.0.3.1"/>
    <property name="user.dir" value="C:\softwares\workspace\Selenium\DS_ALGO"/>
    <property name="os.arch" value="amd64"/>
    <property name="java.vm.specification.name" value="Java Virtual Machine Specification"/>
    <property name="sun.os.patch.level" value=""/>
    <property name="native.encoding" value="Cp1252"/>
    <property name="java.library.path" value="C:\Program Files\Java\jdk-17.0.3.1\bin;C:\WINDOWS\Sun\Java\bin;C:\WINDOWS\system32;C:\WINDOWS;C:\Program Files\Common Files\Oracle\Java\javapath;C:\WINDOWS\system32;C:\WINDOWS;C:\WINDOWS\System32\Wbem;C:\WINDOWS\System32\WindowsPowerShell\v1.0\;C:\WINDOWS\System32\OpenSSH\;C:\Program Files\Java\nodejs\;C:\Program Files\Java\Git\cmd;C:\Program Files\Java\jdk-17.0.3.1\bin;C:\softwares\apache-maven-3.6.3\bin;C:\Program Files\PostgreSQL\14\bin;C:\softwares\workspace\Selenium\allure-2.17.3\bin;C:\Users\prasa\AppData\Local\Programs\Python\Python310\Scripts\;C:\Users\prasa\AppData\Local\Programs\Python\Python310\;C:\Program Files\MySQL\MySQL Shell 8.0\bin\;&quot;C:\Users\prasa\AppData\Local\Microsoft\WindowsApps;C:\Program Files\Java\jdk-17.0.3.1\bin;C:\softwares\apache-maven-3.6.3\bin;&quot;;C:\Users\prasa\AppData\Roaming\npm;C:\Users\prasa\AppData\Local\Programs\Microsoft VS Code\bin;C:\Users\prasa\AppData\Local\Microsoft\WindowsApps;C:\MinGW\bin;;."/>
    <property name="java.vm.info" value="mixed mode, sharing"/>
    <property name="java.vendor" value="Oracle Corporation"/>
    <property name="java.vm.version" value="17.0.3.1+2-LTS-6"/>
    <property name="sun.io.unicode.encoding" value="UnicodeLittle"/>
    <property name="java.class.version" value="61.0"/>
  </properties>
  <testcase name="getSarted" classname="testCases.GetStartedTest" time="0.832"/>
  <testcase name="signInWithInvalidUnameInvalidPwd" classname="testCases.SignInTest" time="3"/>
  <testcase name="signInWithInvalidUnamevalidPwd" classname="testCases.SignInTest" time="3.364">
    <failure message="expected [Please check your user id] but found [Invalid Username and Password]" type="java.lang.AssertionError"><![CDATA[java.lang.AssertionError: expected [Please check your user id] but found [Invalid Username and Password]
	at testCases.SignInTest.signInWithInvalidUnamevalidPwd(SignInTest.java:100)
]]></failure>
    <system-out><![CDATA[2022-06-27 15:46:06 INFO  Log:10 - =====================================signInWithInvalidUnamevalidPwd TEST START=========================================
2022-06-27 15:46:07 INFO  Log:21 - user is going to click on SignIn Link
Successfully entered value
Successfully entered value
2022-06-27 15:46:08 INFO  Log:21 - user is going to click on SignIn with invalid User name
Attaching scrshot on allure report...............
]]></system-out>
    <system-err><![CDATA[Starting ChromeDriver 102.0.5005.61 (0e59bcc00cc4985ce39ad31c150065f159d95ad3-refs/branch-heads/5005@{#819}) on port 44522
Only local connections are allowed.
Please see https://chromedriver.chromium.org/security-considerations for suggestions on keeping ChromeDriver safe.
ChromeDriver was started successfully.
Jun 27, 2022 3:46:06 PM org.openqa.selenium.remote.ProtocolHandshake createSession
INFO: Detected dialect: W3C
]]></system-err>
  </testcase>
  <testcase name="signInWithvalidUnameAndPwd" classname="testCases.SignInTest" time="3.127"/>
  <testcase name="signInWithvalidUnameInvalidPwd" classname="testCases.SignInTest" time="3.3">
    <failure message="expected [Please check your password] but found [Invalid Username and Password]" type="java.lang.AssertionError"><![CDATA[java.lang.AssertionError: expected [Please check your password] but found [Invalid Username and Password]
	at testCases.SignInTest.signInWithvalidUnameInvalidPwd(SignInTest.java:77)
]]></failure>
    <system-out><![CDATA[2022-06-27 15:46:16 INFO  Log:10 - =====================================signInWithvalidUnameInvalidPwd TEST START=========================================
2022-06-27 15:46:17 INFO  Log:21 - user is going to click on SignIn Link
Successfully entered value
Successfully entered value
2022-06-27 15:46:18 INFO  Log:21 - user is going to click on SignIn with invalid Password
Attaching scrshot on allure report...............
]]></system-out>
    <system-err><![CDATA[Starting ChromeDriver 102.0.5005.61 (0e59bcc00cc4985ce39ad31c150065f159d95ad3-refs/branch-heads/5005@{#819}) on port 57274
Only local connections are allowed.
Please see https://chromedriver.chromium.org/security-considerations for suggestions on keeping ChromeDriver safe.
ChromeDriver was started successfully.
Jun 27, 2022 3:46:16 PM org.openqa.selenium.remote.ProtocolHandshake createSession
INFO: Detected dialect: W3C
]]></system-err>
  </testcase>
  <testcase name="signInWithvalidUnameNoPwd" classname="testCases.SignInTest" time="2.831"/>
  <testcase name="signOut" classname="testCases.SignInTest" time="3.515"/>
  <testcase name="creatingLlistpage" classname="testCases.LinkedListTest" time="3.068"/>
  <testcase name="creatingLlistpage" classname="testCases.LinkedListTest" time="1.695"/>
  <testcase name="deletionPage" classname="testCases.LinkedListTest" time="2.74"/>
  <testcase name="implLlistInPyPage" classname="testCases.LinkedListTest" time="2.28"/>
  <testcase name="insertionPage" classname="testCases.LinkedListTest" time="1.85"/>
  <testcase name="introductionpage" classname="testCases.LinkedListTest" time="4.399"/>
  <testcase name="pracQuestionsPage" classname="testCases.LinkedListTest" time="1.044"/>
  <testcase name="traversalPage" classname="testCases.LinkedListTest" time="1.761"/>
  <testcase name="typesOfLlistPage" classname="testCases.LinkedListTest" time="2.534"/>
  <testcase name="binaryTreesPage" classname="testCases.TreeTest" time="1.945"/>
  <testcase name="ovrvwOfTreesPage" classname="testCases.TreeTest" time="1.083"/>
  <testcase name="pracQuestionsPage" classname="testCases.TreeTest" time="0.544"/>
  <testcase name="terminologiesPage" classname="testCases.TreeTest" time="2.062"/>
  <testcase name="terminologiesPage" classname="testCases.TreeTest" time="1.919"/>
  <testcase name="travIllustartionPage" classname="testCases.TreeTest" time="0.69"/>
  <testcase name="treeTraversalsPage" classname="testCases.TreeTest" time="0.67"/>
  <testcase name="typesOfTreesPage" classname="testCases.TreeTest" time="1.099"/>
  <testcase name="GraphRepreOngraphPageURL" classname="testCases.GraphTest" time="2.95"/>
  <testcase name="TryHereGraphOngraphPageURL" classname="testCases.GraphTest" time="5.77"/>
  <testcase name="TryHereGraphrepresenationOngraphPageURL" classname="testCases.GraphTest" time="4.476"/>
  <testcase name="graphPageURL" classname="testCases.GraphTest" time="2.349"/>
  <testcase name="ArrayPage" classname="testCases.ArrayTest" time="0.007"/>
  <testcase name="arraypython" classname="testCases.ArrayTest" time="2.541"/>
  <testcase name="clciktimecomplex" classname="testCases.DataStructTest" time="0.315"/>
  <testcase name="ApplicationsInStackPage" classname="testCases.StackPageTest" time="1.77"/>
  <testcase name="implementationInStackPage" classname="testCases.StackPageTest" time="1.684"/>
  <testcase name="operationInStackPage" classname="testCases.StackPageTest" time="1.896"/>
  <testcase name="operationInStackPage" classname="testCases.StackPageTest" time="1.835"/>
  <testcase name="stackPageURL" classname="testCases.StackPageTest" time="0.01"/>
  <testcase name="ImplementationOfQueueinPython" classname="testCases.QueuePageTest" time="1.976"/>
  <testcase name="ImplementationOfQueueinPython" classname="testCases.QueuePageTest" time="2.202"/>
  <testcase name="ImplementationUsingArray" classname="testCases.QueuePageTest" time="2.485"/>
  <testcase name="ImplementationUsingCollectionsDeque" classname="testCases.QueuePageTest" time="2.315"/>
  <testcase name="QueueOperation" classname="testCases.QueuePageTest" time="1.825"/>
  <testcase name="QueuePageURL" classname="testCases.QueuePageTest" time="0.009"/>
  <testcase name="RegistreTest" classname="testCases.RegistrationTest" time="3.285"/>
  <testcase name="RegistreTest" classname="testCases.RegistrationTest" time="3.35"/>
  <testcase name="afterClickingSubmitwithAllEmptyfields" classname="testCases.RegistrationTest" time="1.691"/>
  <testcase name="afterClickingSubmitwithoutPwdCofirm" classname="testCases.RegistrationTest" time="2.16"/>
  <testcase name="pwdsLT8CharErrrMasg" classname="testCases.RegistrationTest" time="2.164">
    <failure message="expected [Password should contain atleast 8 characters] but found [password_mismatch:The two password fields didn’t match.]" type="java.lang.AssertionError"><![CDATA[java.lang.AssertionError: expected [Password should contain atleast 8 characters] but found [password_mismatch:The two password fields didn’t match.]
	at testCases.RegistrationTest.pwdsLT8CharErrrMasg(RegistrationTest.java:264)
]]></failure>
    <system-out><![CDATA[2022-06-27 15:49:36 INFO  Log:10 - =====================================pwdsLT8CharErrrMasg TEST START=========================================
2022-06-27 15:49:36 INFO  Log:21 - user is going on Home Page
2022-06-27 15:49:37 INFO  Log:21 - user is going to click on Register Link
Select value from the DropDown
Select value from the DropDown
Select value from the DropDown
2022-06-27 15:49:38 INFO  Log:21 - reading Error Message
2022-06-27 15:49:38 INFO  Log:21 - verifying error message
Attaching scrshot on allure report...............
]]></system-out>
    <system-err><![CDATA[Starting ChromeDriver 102.0.5005.61 (0e59bcc00cc4985ce39ad31c150065f159d95ad3-refs/branch-heads/5005@{#819}) on port 39558
Only local connections are allowed.
Please see https://chromedriver.chromium.org/security-considerations for suggestions on keeping ChromeDriver safe.
ChromeDriver was started successfully.
Jun 27, 2022 3:49:36 PM org.openqa.selenium.remote.ProtocolHandshake createSession
INFO: Detected dialect: W3C
]]></system-err>
  </testcase>
  <testcase name="pwdsOnlyNumErrrMasg" classname="testCases.RegistrationTest" time="2.302">
    <failure message="expected [Your password can’t be entirely numeric.] but found [password_mismatch:The two password fields didn’t match.]" type="java.lang.AssertionError"><![CDATA[java.lang.AssertionError: expected [Your password can’t be entirely numeric.] but found [password_mismatch:The two password fields didn’t match.]
	at testCases.RegistrationTest.pwdsOnlyNumErrrMasg(RegistrationTest.java:177)
]]></failure>
    <system-out><![CDATA[2022-06-27 15:49:40 INFO  Log:10 - =====================================pwdsOnlyNumErrrMasg TEST START=========================================
2022-06-27 15:49:40 INFO  Log:21 - user is going on Home Page
2022-06-27 15:49:40 INFO  Log:21 - user is going to click on Register Link
Select value from the DropDown
Select value from the DropDown
Select value from the DropDown
2022-06-27 15:49:42 INFO  Log:21 - reading Error Message
2022-06-27 15:49:42 INFO  Log:21 - verifying error message
Attaching scrshot on allure report...............
]]></system-out>
    <system-err><![CDATA[Starting ChromeDriver 102.0.5005.61 (0e59bcc00cc4985ce39ad31c150065f159d95ad3-refs/branch-heads/5005@{#819}) on port 27223
Only local connections are allowed.
Please see https://chromedriver.chromium.org/security-considerations for suggestions on keeping ChromeDriver safe.
ChromeDriver was started successfully.
Jun 27, 2022 3:49:39 PM org.openqa.selenium.remote.ProtocolHandshake createSession
INFO: Detected dialect: W3C
]]></system-err>
  </testcase>
  <testcase name="registerPageURL" classname="testCases.RegistrationTest" time="0.858"/>
  <testcase name="userNamewithNACharcters" classname="testCases.RegistrationTest" time="2.123">
    <failure message="expected [Please enter a valid username] but found [password_mismatch:The two password fields didn’t match.]" type="java.lang.AssertionError"><![CDATA[java.lang.AssertionError: expected [Please enter a valid username] but found [password_mismatch:The two password fields didn’t match.]
	at testCases.RegistrationTest.userNamewithNACharcters(RegistrationTest.java:206)
]]></failure>
    <system-out><![CDATA[2022-06-27 15:49:45 INFO  Log:10 - =====================================userNamewithNACharcters TEST START=========================================
2022-06-27 15:49:45 INFO  Log:21 - user is going on Home Page
2022-06-27 15:49:46 INFO  Log:21 - user is going to click on Register Link
Select value from the DropDown
Select value from the DropDown
Select value from the DropDown
2022-06-27 15:49:47 INFO  Log:21 - reading Error Message
2022-06-27 15:49:47 INFO  Log:21 - verifying error message
Attaching scrshot on allure report...............
]]></system-out>
    <system-err><![CDATA[Starting ChromeDriver 102.0.5005.61 (0e59bcc00cc4985ce39ad31c150065f159d95ad3-refs/branch-heads/5005@{#819}) on port 23337
Only local connections are allowed.
Please see https://chromedriver.chromium.org/security-considerations for suggestions on keeping ChromeDriver safe.
ChromeDriver was started successfully.
Jun 27, 2022 3:49:45 PM org.openqa.selenium.remote.ProtocolHandshake createSession
INFO: Detected dialect: W3C
]]></system-err>
  </testcase>
  <testcase name="usernameHovermsg" classname="testCases.RegistrationTest" time="2.114"/>
</testsuite>