<?xml version="1.0" encoding="UTF-8"?>
<testng-results ignored="18" total="69" passed="46" failed="5" skipped="0">
  <reporter-output>
  </reporter-output>
  <suite started-at="2022-06-27T15:45:56 EDT" name="Suite" finished-at="2022-06-27T15:49:51 EDT" duration-ms="235240">
    <groups>
    </groups>
    <test started-at="2022-06-27T15:45:56 EDT" name="Test" finished-at="2022-06-27T15:49:51 EDT" duration-ms="235240">
      <class name="testCases.TreeTest">
        <test-method is-config="true" signature="openinglink()[pri:0, instance:testCases.TreeTest@5cdf39b2]" started-at="2022-06-27T15:47:27 EDT" name="openinglink" finished-at="2022-06-27T15:47:30 EDT" duration-ms="3667" status="PASS">
          <reporter-output>
          </reporter-output>
        </test-method> <!-- openinglink -->
        <test-method is-config="true" signature="setup()[pri:0, instance:testCases.TreeTest@5cdf39b2]" started-at="2022-06-27T15:47:30 EDT" name="setup" finished-at="2022-06-27T15:47:30 EDT" duration-ms="0" status="PASS">
          <reporter-output>
          </reporter-output>
        </test-method> <!-- setup -->
        <test-method signature="binaryTreesPage()[pri:6, instance:testCases.TreeTest@5cdf39b2]" started-at="2022-06-27T15:47:30 EDT" name="binaryTreesPage" finished-at="2022-06-27T15:47:32 EDT" duration-ms="1946" status="PASS">
          <reporter-output>
          </reporter-output>
        </test-method> <!-- binaryTreesPage -->
        <test-method is-config="true" signature="tearDown()[pri:0, instance:testCases.TreeTest@5cdf39b2]" started-at="2022-06-27T15:47:32 EDT" name="tearDown" finished-at="2022-06-27T15:47:32 EDT" duration-ms="127" status="PASS">
          <reporter-output>
          </reporter-output>
        </test-method> <!-- tearDown -->
        <test-method is-config="true" signature="setup()[pri:0, instance:testCases.TreeTest@5cdf39b2]" started-at="2022-06-27T15:47:32 EDT" name="setup" finished-at="2022-06-27T15:47:32 EDT" duration-ms="0" status="PASS">
          <reporter-output>
          </reporter-output>
        </test-method> <!-- setup -->
        <test-method signature="ovrvwOfTreesPage()[pri:1, instance:testCases.TreeTest@5cdf39b2]" started-at="2022-06-27T15:47:32 EDT" name="ovrvwOfTreesPage" finished-at="2022-06-27T15:47:34 EDT" duration-ms="1082" status="PASS">
          <reporter-output>
          </reporter-output>
        </test-method> <!-- ovrvwOfTreesPage -->
        <test-method is-config="true" signature="tearDown()[pri:0, instance:testCases.TreeTest@5cdf39b2]" started-at="2022-06-27T15:47:34 EDT" name="tearDown" finished-at="2022-06-27T15:47:34 EDT" duration-ms="97" status="PASS">
          <reporter-output>
          </reporter-output>
        </test-method> <!-- tearDown -->
        <test-method is-config="true" signature="setup()[pri:0, instance:testCases.TreeTest@5cdf39b2]" started-at="2022-06-27T15:47:34 EDT" name="setup" finished-at="2022-06-27T15:47:34 EDT" duration-ms="1" status="PASS">
          <reporter-output>
          </reporter-output>
        </test-method> <!-- setup -->
        <test-method signature="pracQuestionsPage()[pri:7, instance:testCases.TreeTest@5cdf39b2]" started-at="2022-06-27T15:47:34 EDT" name="pracQuestionsPage" finished-at="2022-06-27T15:47:34 EDT" duration-ms="542" status="PASS">
          <reporter-output>
          </reporter-output>
        </test-method> <!-- pracQuestionsPage -->
        <test-method is-config="true" signature="tearDown()[pri:0, instance:testCases.TreeTest@5cdf39b2]" started-at="2022-06-27T15:47:34 EDT" name="tearDown" finished-at="2022-06-27T15:47:34 EDT" duration-ms="113" status="PASS">
          <reporter-output>
          </reporter-output>
        </test-method> <!-- tearDown -->
        <test-method is-config="true" signature="setup()[pri:0, instance:testCases.TreeTest@5cdf39b2]" started-at="2022-06-27T15:47:34 EDT" name="setup" finished-at="2022-06-27T15:47:34 EDT" duration-ms="0" status="PASS">
          <reporter-output>
          </reporter-output>
        </test-method> <!-- setup -->
        <test-method signature="terminologiesPage(java.lang.String,java.lang.String)[pri:2, instance:testCases.TreeTest@5cdf39b2]" started-at="2022-06-27T15:47:34 EDT" name="terminologiesPage" data-provider="PyCode" finished-at="2022-06-27T15:47:36 EDT" duration-ms="2061" status="PASS">
          <params>
            <param index="0">
              <value>
                <![CDATA[print "python"]]>
              </value>
            </param>
            <param index="1">
              <value>
                <![CDATA[python]]>
              </value>
            </param>
          </params>
          <reporter-output>
          </reporter-output>
        </test-method> <!-- terminologiesPage -->
        <test-method is-config="true" signature="tearDown()[pri:0, instance:testCases.TreeTest@5cdf39b2]" started-at="2022-06-27T15:47:36 EDT" name="tearDown" finished-at="2022-06-27T15:47:37 EDT" duration-ms="104" status="PASS">
          <reporter-output>
          </reporter-output>
        </test-method> <!-- tearDown -->
        <test-method is-config="true" signature="setup()[pri:0, instance:testCases.TreeTest@5cdf39b2]" started-at="2022-06-27T15:47:37 EDT" name="setup" finished-at="2022-06-27T15:47:37 EDT" duration-ms="0" status="PASS">
          <reporter-output>
          </reporter-output>
        </test-method> <!-- setup -->
        <test-method signature="terminologiesPage(java.lang.String,java.lang.String)[pri:2, instance:testCases.TreeTest@5cdf39b2]" started-at="2022-06-27T15:47:37 EDT" name="terminologiesPage" data-provider="PyCode" finished-at="2022-06-27T15:47:38 EDT" duration-ms="1918" status="PASS">
          <params>
            <param index="0">
              <value>
                <![CDATA[print "hello"]]>
              </value>
            </param>
            <param index="1">
              <value>
                <![CDATA[hello]]>
              </value>
            </param>
          </params>
          <reporter-output>
          </reporter-output>
        </test-method> <!-- terminologiesPage -->
        <test-method is-config="true" signature="tearDown()[pri:0, instance:testCases.TreeTest@5cdf39b2]" started-at="2022-06-27T15:47:38 EDT" name="tearDown" finished-at="2022-06-27T15:47:39 EDT" duration-ms="137" status="PASS">
          <reporter-output>
          </reporter-output>
        </test-method> <!-- tearDown -->
        <test-method is-config="true" signature="setup()[pri:0, instance:testCases.TreeTest@5cdf39b2]" started-at="2022-06-27T15:47:39 EDT" name="setup" finished-at="2022-06-27T15:47:39 EDT" duration-ms="1" status="PASS">
          <reporter-output>
          </reporter-output>
        </test-method> <!-- setup -->
        <test-method signature="travIllustartionPage()[pri:5, instance:testCases.TreeTest@5cdf39b2]" started-at="2022-06-27T15:47:39 EDT" name="travIllustartionPage" finished-at="2022-06-27T15:47:39 EDT" duration-ms="689" status="PASS">
          <reporter-output>
          </reporter-output>
        </test-method> <!-- travIllustartionPage -->
        <test-method is-config="true" signature="tearDown()[pri:0, instance:testCases.TreeTest@5cdf39b2]" started-at="2022-06-27T15:47:39 EDT" name="tearDown" finished-at="2022-06-27T15:47:39 EDT" duration-ms="108" status="PASS">
          <reporter-output>
          </reporter-output>
        </test-method> <!-- tearDown -->
        <test-method is-config="true" signature="setup()[pri:0, instance:testCases.TreeTest@5cdf39b2]" started-at="2022-06-27T15:47:39 EDT" name="setup" finished-at="2022-06-27T15:47:39 EDT" duration-ms="0" status="PASS">
          <reporter-output>
          </reporter-output>
        </test-method> <!-- setup -->
        <test-method signature="treeTraversalsPage()[pri:4, instance:testCases.TreeTest@5cdf39b2]" started-at="2022-06-27T15:47:39 EDT" name="treeTraversalsPage" finished-at="2022-06-27T15:47:40 EDT" duration-ms="668" status="PASS">
          <reporter-output>
          </reporter-output>
        </test-method> <!-- treeTraversalsPage -->
        <test-method is-config="true" signature="tearDown()[pri:0, instance:testCases.TreeTest@5cdf39b2]" started-at="2022-06-27T15:47:40 EDT" name="tearDown" finished-at="2022-06-27T15:47:40 EDT" duration-ms="114" status="PASS">
          <reporter-output>
          </reporter-output>
        </test-method> <!-- tearDown -->
        <test-method is-config="true" signature="setup()[pri:0, instance:testCases.TreeTest@5cdf39b2]" started-at="2022-06-27T15:47:40 EDT" name="setup" finished-at="2022-06-27T15:47:40 EDT" duration-ms="0" status="PASS">
          <reporter-output>
          </reporter-output>
        </test-method> <!-- setup -->
        <test-method signature="typesOfTreesPage()[pri:3, instance:testCases.TreeTest@5cdf39b2]" started-at="2022-06-27T15:47:40 EDT" name="typesOfTreesPage" finished-at="2022-06-27T15:47:41 EDT" duration-ms="1099" status="PASS">
          <reporter-output>
          </reporter-output>
        </test-method> <!-- typesOfTreesPage -->
        <test-method is-config="true" signature="tearDown()[pri:0, instance:testCases.TreeTest@5cdf39b2]" started-at="2022-06-27T15:47:41 EDT" name="tearDown" finished-at="2022-06-27T15:47:41 EDT" duration-ms="131" status="PASS">
          <reporter-output>
          </reporter-output>
        </test-method> <!-- tearDown -->
        <test-method is-config="true" signature="closing()[pri:0, instance:testCases.TreeTest@5cdf39b2]" started-at="2022-06-27T15:47:41 EDT" name="closing" finished-at="2022-06-27T15:47:42 EDT" duration-ms="184" status="PASS">
          <reporter-output>
          </reporter-output>
        </test-method> <!-- closing -->
      </class> <!-- testCases.TreeTest -->
      <class name="testCases.QueuePageTest">
        <test-method is-config="true" signature="openinglink()[pri:0, instance:testCases.QueuePageTest@1cc9cfb2]" started-at="2022-06-27T15:48:44 EDT" name="openinglink" finished-at="2022-06-27T15:48:44 EDT" duration-ms="1" status="PASS">
          <reporter-output>
          </reporter-output>
        </test-method> <!-- openinglink -->
        <test-method is-config="true" signature="setup()[pri:0, instance:testCases.QueuePageTest@1cc9cfb2]" started-at="2022-06-27T15:48:45 EDT" name="setup" finished-at="2022-06-27T15:48:48 EDT" duration-ms="3955" status="PASS">
          <reporter-output>
          </reporter-output>
        </test-method> <!-- setup -->
        <test-method signature="ImplementationOfQueueinPython(java.lang.String,java.lang.String)[pri:2, instance:testCases.QueuePageTest@1cc9cfb2]" started-at="2022-06-27T15:48:48 EDT" name="ImplementationOfQueueinPython" data-provider="PyCode" finished-at="2022-06-27T15:48:50 EDT" duration-ms="1975" status="PASS">
          <params>
            <param index="0">
              <value>
                <![CDATA[print "python"]]>
              </value>
            </param>
            <param index="1">
              <value>
                <![CDATA[python]]>
              </value>
            </param>
          </params>
          <reporter-output>
          </reporter-output>
        </test-method> <!-- ImplementationOfQueueinPython -->
        <test-method is-config="true" signature="tearDown()[pri:0, instance:testCases.QueuePageTest@1cc9cfb2]" started-at="2022-06-27T15:48:50 EDT" name="tearDown" finished-at="2022-06-27T15:48:51 EDT" duration-ms="174" status="PASS">
          <reporter-output>
          </reporter-output>
        </test-method> <!-- tearDown -->
        <test-method is-config="true" signature="setup()[pri:0, instance:testCases.QueuePageTest@1cc9cfb2]" started-at="2022-06-27T15:48:51 EDT" name="setup" finished-at="2022-06-27T15:48:54 EDT" duration-ms="3629" status="PASS">
          <reporter-output>
          </reporter-output>
        </test-method> <!-- setup -->
        <test-method signature="ImplementationOfQueueinPython(java.lang.String,java.lang.String)[pri:2, instance:testCases.QueuePageTest@1cc9cfb2]" started-at="2022-06-27T15:48:54 EDT" name="ImplementationOfQueueinPython" data-provider="PyCode" finished-at="2022-06-27T15:48:56 EDT" duration-ms="2205" status="PASS">
          <params>
            <param index="0">
              <value>
                <![CDATA[print "hello"]]>
              </value>
            </param>
            <param index="1">
              <value>
                <![CDATA[hello]]>
              </value>
            </param>
          </params>
          <reporter-output>
          </reporter-output>
        </test-method> <!-- ImplementationOfQueueinPython -->
        <test-method is-config="true" signature="tearDown()[pri:0, instance:testCases.QueuePageTest@1cc9cfb2]" started-at="2022-06-27T15:48:56 EDT" name="tearDown" finished-at="2022-06-27T15:48:57 EDT" duration-ms="157" status="PASS">
          <reporter-output>
          </reporter-output>
        </test-method> <!-- tearDown -->
        <test-method is-config="true" signature="setup()[pri:0, instance:testCases.QueuePageTest@1cc9cfb2]" started-at="2022-06-27T15:48:57 EDT" name="setup" finished-at="2022-06-27T15:49:00 EDT" duration-ms="3475" status="PASS">
          <reporter-output>
          </reporter-output>
        </test-method> <!-- setup -->
        <test-method signature="ImplementationUsingArray()[pri:4, instance:testCases.QueuePageTest@1cc9cfb2]" started-at="2022-06-27T15:49:00 EDT" name="ImplementationUsingArray" finished-at="2022-06-27T15:49:03 EDT" duration-ms="2486" status="PASS">
          <reporter-output>
          </reporter-output>
        </test-method> <!-- ImplementationUsingArray -->
        <test-method is-config="true" signature="tearDown()[pri:0, instance:testCases.QueuePageTest@1cc9cfb2]" started-at="2022-06-27T15:49:03 EDT" name="tearDown" finished-at="2022-06-27T15:49:03 EDT" duration-ms="163" status="PASS">
          <reporter-output>
          </reporter-output>
        </test-method> <!-- tearDown -->
        <test-method is-config="true" signature="setup()[pri:0, instance:testCases.QueuePageTest@1cc9cfb2]" started-at="2022-06-27T15:49:03 EDT" name="setup" finished-at="2022-06-27T15:49:06 EDT" duration-ms="3630" status="PASS">
          <reporter-output>
          </reporter-output>
        </test-method> <!-- setup -->
        <test-method signature="ImplementationUsingCollectionsDeque()[pri:3, instance:testCases.QueuePageTest@1cc9cfb2]" started-at="2022-06-27T15:49:06 EDT" name="ImplementationUsingCollectionsDeque" finished-at="2022-06-27T15:49:09 EDT" duration-ms="2315" status="PASS">
          <reporter-output>
          </reporter-output>
        </test-method> <!-- ImplementationUsingCollectionsDeque -->
        <test-method is-config="true" signature="tearDown()[pri:0, instance:testCases.QueuePageTest@1cc9cfb2]" started-at="2022-06-27T15:49:09 EDT" name="tearDown" finished-at="2022-06-27T15:49:09 EDT" duration-ms="169" status="PASS">
          <reporter-output>
          </reporter-output>
        </test-method> <!-- tearDown -->
        <test-method is-config="true" signature="setup()[pri:0, instance:testCases.QueuePageTest@1cc9cfb2]" started-at="2022-06-27T15:49:09 EDT" name="setup" finished-at="2022-06-27T15:49:13 EDT" duration-ms="3627" status="PASS">
          <reporter-output>
          </reporter-output>
        </test-method> <!-- setup -->
        <test-method signature="QueueOperation()[pri:5, instance:testCases.QueuePageTest@1cc9cfb2]" started-at="2022-06-27T15:49:13 EDT" name="QueueOperation" finished-at="2022-06-27T15:49:14 EDT" duration-ms="1827" status="PASS">
          <reporter-output>
          </reporter-output>
        </test-method> <!-- QueueOperation -->
        <test-method is-config="true" signature="tearDown()[pri:0, instance:testCases.QueuePageTest@1cc9cfb2]" started-at="2022-06-27T15:49:14 EDT" name="tearDown" finished-at="2022-06-27T15:49:15 EDT" duration-ms="174" status="PASS">
          <reporter-output>
          </reporter-output>
        </test-method> <!-- tearDown -->
        <test-method is-config="true" signature="setup()[pri:0, instance:testCases.QueuePageTest@1cc9cfb2]" started-at="2022-06-27T15:49:15 EDT" name="setup" finished-at="2022-06-27T15:49:19 EDT" duration-ms="4154" status="PASS">
          <reporter-output>
          </reporter-output>
        </test-method> <!-- setup -->
        <test-method signature="QueuePageURL()[pri:1, instance:testCases.QueuePageTest@1cc9cfb2]" started-at="2022-06-27T15:49:19 EDT" name="QueuePageURL" finished-at="2022-06-27T15:49:19 EDT" duration-ms="8" status="PASS">
          <reporter-output>
          </reporter-output>
        </test-method> <!-- QueuePageURL -->
        <test-method is-config="true" signature="tearDown()[pri:0, instance:testCases.QueuePageTest@1cc9cfb2]" started-at="2022-06-27T15:49:19 EDT" name="tearDown" finished-at="2022-06-27T15:49:19 EDT" duration-ms="135" status="PASS">
          <reporter-output>
          </reporter-output>
        </test-method> <!-- tearDown -->
        <test-method is-config="true" signature="closing()[pri:0, instance:testCases.QueuePageTest@1cc9cfb2]" started-at="2022-06-27T15:49:19 EDT" name="closing" finished-at="2022-06-27T15:49:19 EDT" duration-ms="0" status="PASS">
          <reporter-output>
          </reporter-output>
        </test-method> <!-- closing -->
      </class> <!-- testCases.QueuePageTest -->
      <class name="testCases.SignInTest">
        <test-method is-config="true" signature="setup()[pri:0, instance:testCases.SignInTest@1aa99005]" started-at="2022-06-27T15:46:00 EDT" name="setup" finished-at="2022-06-27T15:46:01 EDT" duration-ms="1260" status="PASS">
          <reporter-output>
          </reporter-output>
        </test-method> <!-- setup -->
        <test-method signature="signInWithInvalidUnameInvalidPwd()[pri:4, instance:testCases.SignInTest@1aa99005]" started-at="2022-06-27T15:46:01 EDT" name="signInWithInvalidUnameInvalidPwd" finished-at="2022-06-27T15:46:04 EDT" duration-ms="3006" status="PASS">
          <reporter-output>
          </reporter-output>
        </test-method> <!-- signInWithInvalidUnameInvalidPwd -->
        <test-method is-config="true" signature="tearDown()[pri:0, instance:testCases.SignInTest@1aa99005]" started-at="2022-06-27T15:46:04 EDT" name="tearDown" finished-at="2022-06-27T15:46:04 EDT" duration-ms="214" status="PASS">
          <reporter-output>
          </reporter-output>
        </test-method> <!-- tearDown -->
        <test-method is-config="true" signature="setup()[pri:0, instance:testCases.SignInTest@1aa99005]" started-at="2022-06-27T15:46:05 EDT" name="setup" finished-at="2022-06-27T15:46:06 EDT" duration-ms="1296" status="PASS">
          <reporter-output>
          </reporter-output>
        </test-method> <!-- setup -->
        <test-method signature="signInWithInvalidUnamevalidPwd(java.lang.String,java.lang.String)[pri:3, instance:testCases.SignInTest@1aa99005]" started-at="2022-06-27T15:46:06 EDT" name="signInWithInvalidUnamevalidPwd" data-provider="SignIn" finished-at="2022-06-27T15:46:09 EDT" duration-ms="3025" status="FAIL">
          <params>
            <param index="0">
              <value>
                <![CDATA[Dsalgo_Proj]]>
              </value>
            </param>
            <param index="1">
              <value>
                <![CDATA[group@pssu]]>
              </value>
            </param>
          </params>
          <exception class="java.lang.AssertionError">
            <message>
              <![CDATA[expected [Please check your user id] but found [Invalid Username and Password]]]>
            </message>
            <full-stacktrace>
              <![CDATA[java.lang.AssertionError: expected [Please check your user id] but found [Invalid Username and Password]
at org.testng.Assert.fail(Assert.java:99)
at org.testng.Assert.failNotEquals(Assert.java:1037)
at org.testng.Assert.assertEqualsImpl(Assert.java:140)
at org.testng.Assert.assertEquals(Assert.java:122)
at org.testng.Assert.assertEquals(Assert.java:629)
at org.testng.Assert.assertEquals(Assert.java:639)
at testCases.SignInTest.signInWithInvalidUnamevalidPwd(SignInTest.java:100)
at java.base/jdk.internal.reflect.NativeMethodAccessorImpl.invoke0(Native Method)
at java.base/jdk.internal.reflect.NativeMethodAccessorImpl.invoke(NativeMethodAccessorImpl.java:77)
at java.base/jdk.internal.reflect.DelegatingMethodAccessorImpl.invoke(DelegatingMethodAccessorImpl.java:43)
at java.base/java.lang.reflect.Method.invoke(Method.java:568)
at org.testng.internal.MethodInvocationHelper.invokeMethod(MethodInvocationHelper.java:133)
at org.testng.internal.TestInvoker.invokeMethod(TestInvoker.java:598)
at org.testng.internal.TestInvoker.invokeTestMethod(TestInvoker.java:173)
at org.testng.internal.MethodRunner.runInSequence(MethodRunner.java:46)
at org.testng.internal.TestInvoker$MethodInvocationAgent.invoke(TestInvoker.java:824)
at org.testng.internal.TestInvoker.invokeTestMethods(TestInvoker.java:146)
at org.testng.internal.TestMethodWorker.invokeTestMethods(TestMethodWorker.java:146)
at org.testng.internal.TestMethodWorker.run(TestMethodWorker.java:128)
at java.base/java.util.ArrayList.forEach(ArrayList.java:1511)
at org.testng.TestRunner.privateRun(TestRunner.java:794)
at org.testng.TestRunner.run(TestRunner.java:596)
at org.testng.SuiteRunner.runTest(SuiteRunner.java:377)
at org.testng.SuiteRunner.runSequentially(SuiteRunner.java:371)
at org.testng.SuiteRunner.privateRun(SuiteRunner.java:332)
at org.testng.SuiteRunner.run(SuiteRunner.java:276)
at org.testng.SuiteRunnerWorker.runSuite(SuiteRunnerWorker.java:53)
at org.testng.SuiteRunnerWorker.run(SuiteRunnerWorker.java:96)
at org.testng.TestNG.runSuitesSequentially(TestNG.java:1212)
at org.testng.TestNG.runSuitesLocally(TestNG.java:1134)
at org.testng.TestNG.runSuites(TestNG.java:1063)
at org.testng.TestNG.run(TestNG.java:1031)
at org.apache.maven.surefire.testng.TestNGExecutor.run(TestNGExecutor.java:283)
at org.apache.maven.surefire.testng.TestNGXmlTestSuite.execute(TestNGXmlTestSuite.java:75)
at org.apache.maven.surefire.testng.TestNGProvider.invoke(TestNGProvider.java:120)
at org.apache.maven.surefire.booter.ForkedBooter.runSuitesInProcess(ForkedBooter.java:377)
at org.apache.maven.surefire.booter.ForkedBooter.execute(ForkedBooter.java:138)
at org.apache.maven.surefire.booter.ForkedBooter.run(ForkedBooter.java:465)
at org.apache.maven.surefire.booter.ForkedBooter.main(ForkedBooter.java:451)
]]>
            </full-stacktrace>
          </exception> <!-- java.lang.AssertionError -->
          <reporter-output>
          </reporter-output>
        </test-method> <!-- signInWithInvalidUnamevalidPwd -->
        <test-method is-config="true" signature="tearDown()[pri:0, instance:testCases.SignInTest@1aa99005]" started-at="2022-06-27T15:46:10 EDT" name="tearDown" finished-at="2022-06-27T15:46:10 EDT" duration-ms="206" status="PASS">
          <reporter-output>
          </reporter-output>
        </test-method> <!-- tearDown -->
        <test-method is-config="true" signature="setup()[pri:0, instance:testCases.SignInTest@1aa99005]" started-at="2022-06-27T15:46:10 EDT" name="setup" finished-at="2022-06-27T15:46:11 EDT" duration-ms="1377" status="PASS">
          <reporter-output>
          </reporter-output>
        </test-method> <!-- setup -->
        <test-method signature="signInWithvalidUnameAndPwd(java.lang.String,java.lang.String)[pri:1, instance:testCases.SignInTest@1aa99005]" started-at="2022-06-27T15:46:11 EDT" name="signInWithvalidUnameAndPwd" data-provider="SignIn" finished-at="2022-06-27T15:46:15 EDT" duration-ms="3130" status="PASS">
          <params>
            <param index="0">
              <value>
                <![CDATA[Dsalgo_Proj]]>
              </value>
            </param>
            <param index="1">
              <value>
                <![CDATA[group@pssu]]>
              </value>
            </param>
          </params>
          <reporter-output>
          </reporter-output>
        </test-method> <!-- signInWithvalidUnameAndPwd -->
        <test-method is-config="true" signature="tearDown()[pri:0, instance:testCases.SignInTest@1aa99005]" started-at="2022-06-27T15:46:15 EDT" name="tearDown" finished-at="2022-06-27T15:46:15 EDT" duration-ms="182" status="PASS">
          <reporter-output>
          </reporter-output>
        </test-method> <!-- tearDown -->
        <test-method is-config="true" signature="setup()[pri:0, instance:testCases.SignInTest@1aa99005]" started-at="2022-06-27T15:46:15 EDT" name="setup" finished-at="2022-06-27T15:46:16 EDT" duration-ms="1477" status="PASS">
          <reporter-output>
          </reporter-output>
        </test-method> <!-- setup -->
        <test-method signature="signInWithvalidUnameInvalidPwd(java.lang.String,java.lang.String)[pri:2, instance:testCases.SignInTest@1aa99005]" started-at="2022-06-27T15:46:16 EDT" name="signInWithvalidUnameInvalidPwd" data-provider="SignIn" finished-at="2022-06-27T15:46:19 EDT" duration-ms="3017" status="FAIL">
          <params>
            <param index="0">
              <value>
                <![CDATA[Dsalgo_Proj]]>
              </value>
            </param>
            <param index="1">
              <value>
                <![CDATA[group@pssu]]>
              </value>
            </param>
          </params>
          <exception class="java.lang.AssertionError">
            <message>
              <![CDATA[expected [Please check your password] but found [Invalid Username and Password]]]>
            </message>
            <full-stacktrace>
              <![CDATA[java.lang.AssertionError: expected [Please check your password] but found [Invalid Username and Password]
at org.testng.Assert.fail(Assert.java:99)
at org.testng.Assert.failNotEquals(Assert.java:1037)
at org.testng.Assert.assertEqualsImpl(Assert.java:140)
at org.testng.Assert.assertEquals(Assert.java:122)
at org.testng.Assert.assertEquals(Assert.java:629)
at org.testng.Assert.assertEquals(Assert.java:639)
at testCases.SignInTest.signInWithvalidUnameInvalidPwd(SignInTest.java:77)
at java.base/jdk.internal.reflect.NativeMethodAccessorImpl.invoke0(Native Method)
at java.base/jdk.internal.reflect.NativeMethodAccessorImpl.invoke(NativeMethodAccessorImpl.java:77)
at java.base/jdk.internal.reflect.DelegatingMethodAccessorImpl.invoke(DelegatingMethodAccessorImpl.java:43)
at java.base/java.lang.reflect.Method.invoke(Method.java:568)
at org.testng.internal.MethodInvocationHelper.invokeMethod(MethodInvocationHelper.java:133)
at org.testng.internal.TestInvoker.invokeMethod(TestInvoker.java:598)
at org.testng.internal.TestInvoker.invokeTestMethod(TestInvoker.java:173)
at org.testng.internal.MethodRunner.runInSequence(MethodRunner.java:46)
at org.testng.internal.TestInvoker$MethodInvocationAgent.invoke(TestInvoker.java:824)
at org.testng.internal.TestInvoker.invokeTestMethods(TestInvoker.java:146)
at org.testng.internal.TestMethodWorker.invokeTestMethods(TestMethodWorker.java:146)
at org.testng.internal.TestMethodWorker.run(TestMethodWorker.java:128)
at java.base/java.util.ArrayList.forEach(ArrayList.java:1511)
at org.testng.TestRunner.privateRun(TestRunner.java:794)
at org.testng.TestRunner.run(TestRunner.java:596)
at org.testng.SuiteRunner.runTest(SuiteRunner.java:377)
at org.testng.SuiteRunner.runSequentially(SuiteRunner.java:371)
at org.testng.SuiteRunner.privateRun(SuiteRunner.java:332)
at org.testng.SuiteRunner.run(SuiteRunner.java:276)
at org.testng.SuiteRunnerWorker.runSuite(SuiteRunnerWorker.java:53)
at org.testng.SuiteRunnerWorker.run(SuiteRunnerWorker.java:96)
at org.testng.TestNG.runSuitesSequentially(TestNG.java:1212)
at org.testng.TestNG.runSuitesLocally(TestNG.java:1134)
at org.testng.TestNG.runSuites(TestNG.java:1063)
at org.testng.TestNG.run(TestNG.java:1031)
at org.apache.maven.surefire.testng.TestNGExecutor.run(TestNGExecutor.java:283)
at org.apache.maven.surefire.testng.TestNGXmlTestSuite.execute(TestNGXmlTestSuite.java:75)
at org.apache.maven.surefire.testng.TestNGProvider.invoke(TestNGProvider.java:120)
at org.apache.maven.surefire.booter.ForkedBooter.runSuitesInProcess(ForkedBooter.java:377)
at org.apache.maven.surefire.booter.ForkedBooter.execute(ForkedBooter.java:138)
at org.apache.maven.surefire.booter.ForkedBooter.run(ForkedBooter.java:465)
at org.apache.maven.surefire.booter.ForkedBooter.main(ForkedBooter.java:451)
]]>
            </full-stacktrace>
          </exception> <!-- java.lang.AssertionError -->
          <reporter-output>
          </reporter-output>
        </test-method> <!-- signInWithvalidUnameInvalidPwd -->
        <test-method is-config="true" signature="tearDown()[pri:0, instance:testCases.SignInTest@1aa99005]" started-at="2022-06-27T15:46:20 EDT" name="tearDown" finished-at="2022-06-27T15:46:20 EDT" duration-ms="209" status="PASS">
          <reporter-output>
          </reporter-output>
        </test-method> <!-- tearDown -->
        <test-method is-config="true" signature="setup()[pri:0, instance:testCases.SignInTest@1aa99005]" started-at="2022-06-27T15:46:20 EDT" name="setup" finished-at="2022-06-27T15:46:21 EDT" duration-ms="1129" status="PASS">
          <reporter-output>
          </reporter-output>
        </test-method> <!-- setup -->
        <test-method signature="signInWithvalidUnameNoPwd(java.lang.String,java.lang.String)[pri:5, instance:testCases.SignInTest@1aa99005]" started-at="2022-06-27T15:46:21 EDT" name="signInWithvalidUnameNoPwd" data-provider="SignIn" finished-at="2022-06-27T15:46:24 EDT" duration-ms="2832" status="PASS">
          <params>
            <param index="0">
              <value>
                <![CDATA[Dsalgo_Proj]]>
              </value>
            </param>
            <param index="1">
              <value>
                <![CDATA[group@pssu]]>
              </value>
            </param>
          </params>
          <reporter-output>
          </reporter-output>
        </test-method> <!-- signInWithvalidUnameNoPwd -->
        <test-method is-config="true" signature="tearDown()[pri:0, instance:testCases.SignInTest@1aa99005]" started-at="2022-06-27T15:46:24 EDT" name="tearDown" finished-at="2022-06-27T15:46:24 EDT" duration-ms="207" status="PASS">
          <reporter-output>
          </reporter-output>
        </test-method> <!-- tearDown -->
        <test-method is-config="true" signature="setup()[pri:0, instance:testCases.SignInTest@1aa99005]" started-at="2022-06-27T15:46:24 EDT" name="setup" finished-at="2022-06-27T15:46:25 EDT" duration-ms="1094" status="PASS">
          <reporter-output>
          </reporter-output>
        </test-method> <!-- setup -->
        <test-method signature="signOut(java.lang.String,java.lang.String)[pri:6, instance:testCases.SignInTest@1aa99005]" started-at="2022-06-27T15:46:25 EDT" name="signOut" data-provider="SignIn" finished-at="2022-06-27T15:46:29 EDT" duration-ms="3515" status="PASS">
          <params>
            <param index="0">
              <value>
                <![CDATA[Dsalgo_Proj]]>
              </value>
            </param>
            <param index="1">
              <value>
                <![CDATA[group@pssu]]>
              </value>
            </param>
          </params>
          <reporter-output>
          </reporter-output>
        </test-method> <!-- signOut -->
        <test-method is-config="true" signature="tearDown()[pri:0, instance:testCases.SignInTest@1aa99005]" started-at="2022-06-27T15:46:29 EDT" name="tearDown" finished-at="2022-06-27T15:46:29 EDT" duration-ms="150" status="PASS">
          <reporter-output>
          </reporter-output>
        </test-method> <!-- tearDown -->
      </class> <!-- testCases.SignInTest -->
      <class name="testCases.RegistrationTest">
        <test-method is-config="true" signature="setup()[pri:0, instance:testCases.RegistrationTest@cfbc8e8]" started-at="2022-06-27T15:49:19 EDT" name="setup" finished-at="2022-06-27T15:49:20 EDT" duration-ms="1257" status="PASS">
          <reporter-output>
          </reporter-output>
        </test-method> <!-- setup -->
        <test-method signature="RegistreTest(java.lang.String,java.lang.String,java.lang.String)[pri:35, instance:testCases.RegistrationTest@cfbc8e8]" started-at="2022-06-27T15:49:20 EDT" name="RegistreTest" data-provider="ValidUNamePWDForAccCreation" finished-at="2022-06-27T15:49:23 EDT" duration-ms="3284" status="PASS">
          <params>
            <param index="0">
              <value>
                <![CDATA[uma13@mail.com]]>
              </value>
            </param>
            <param index="1">
              <value>
                <![CDATA[number33]]>
              </value>
            </param>
            <param index="2">
              <value>
                <![CDATA[number33]]>
              </value>
            </param>
          </params>
          <reporter-output>
          </reporter-output>
        </test-method> <!-- RegistreTest -->
        <test-method is-config="true" signature="tearDown()[pri:0, instance:testCases.RegistrationTest@cfbc8e8]" started-at="2022-06-27T15:49:23 EDT" name="tearDown" finished-at="2022-06-27T15:49:24 EDT" duration-ms="150" status="PASS">
          <reporter-output>
          </reporter-output>
        </test-method> <!-- tearDown -->
        <test-method is-config="true" signature="setup()[pri:0, instance:testCases.RegistrationTest@cfbc8e8]" started-at="2022-06-27T15:49:24 EDT" name="setup" finished-at="2022-06-27T15:49:25 EDT" duration-ms="1211" status="PASS">
          <reporter-output>
          </reporter-output>
        </test-method> <!-- setup -->
        <test-method signature="RegistreTest(java.lang.String,java.lang.String,java.lang.String)[pri:35, instance:testCases.RegistrationTest@cfbc8e8]" started-at="2022-06-27T15:49:25 EDT" name="RegistreTest" data-provider="ValidUNamePWDForAccCreation" finished-at="2022-06-27T15:49:28 EDT" duration-ms="3352" status="PASS">
          <params>
            <param index="0">
              <value>
                <![CDATA[uma14@mail.com]]>
              </value>
            </param>
            <param index="1">
              <value>
                <![CDATA[number33]]>
              </value>
            </param>
            <param index="2">
              <value>
                <![CDATA[number33]]>
              </value>
            </param>
          </params>
          <reporter-output>
          </reporter-output>
        </test-method> <!-- RegistreTest -->
        <test-method is-config="true" signature="tearDown()[pri:0, instance:testCases.RegistrationTest@cfbc8e8]" started-at="2022-06-27T15:49:28 EDT" name="tearDown" finished-at="2022-06-27T15:49:28 EDT" duration-ms="166" status="PASS">
          <reporter-output>
          </reporter-output>
        </test-method> <!-- tearDown -->
        <test-method is-config="true" signature="setup()[pri:0, instance:testCases.RegistrationTest@cfbc8e8]" started-at="2022-06-27T15:49:28 EDT" name="setup" finished-at="2022-06-27T15:49:29 EDT" duration-ms="1154" status="PASS">
          <reporter-output>
          </reporter-output>
        </test-method> <!-- setup -->
        <test-method signature="afterClickingSubmitwithAllEmptyfields()[pri:5, instance:testCases.RegistrationTest@cfbc8e8]" started-at="2022-06-27T15:49:29 EDT" name="afterClickingSubmitwithAllEmptyfields" finished-at="2022-06-27T15:49:31 EDT" duration-ms="1690" status="PASS">
          <reporter-output>
          </reporter-output>
        </test-method> <!-- afterClickingSubmitwithAllEmptyfields -->
        <test-method is-config="true" signature="tearDown()[pri:0, instance:testCases.RegistrationTest@cfbc8e8]" started-at="2022-06-27T15:49:31 EDT" name="tearDown" finished-at="2022-06-27T15:49:31 EDT" duration-ms="168" status="PASS">
          <reporter-output>
          </reporter-output>
        </test-method> <!-- tearDown -->
        <test-method is-config="true" signature="setup()[pri:0, instance:testCases.RegistrationTest@cfbc8e8]" started-at="2022-06-27T15:49:31 EDT" name="setup" finished-at="2022-06-27T15:49:33 EDT" duration-ms="1178" status="PASS">
          <reporter-output>
          </reporter-output>
        </test-method> <!-- setup -->
        <test-method signature="afterClickingSubmitwithoutPwdCofirm(java.lang.String,java.lang.String)[pri:10, instance:testCases.RegistrationTest@cfbc8e8]" started-at="2022-06-27T15:49:33 EDT" name="afterClickingSubmitwithoutPwdCofirm" data-provider="withoutPassword2" finished-at="2022-06-27T15:49:35 EDT" duration-ms="2160" status="PASS">
          <params>
            <param index="0">
              <value>
                <![CDATA[pk@mail.com]]>
              </value>
            </param>
            <param index="1">
              <value>
                <![CDATA[abcd12345]]>
              </value>
            </param>
          </params>
          <reporter-output>
          </reporter-output>
        </test-method> <!-- afterClickingSubmitwithoutPwdCofirm -->
        <test-method is-config="true" signature="tearDown()[pri:0, instance:testCases.RegistrationTest@cfbc8e8]" started-at="2022-06-27T15:49:35 EDT" name="tearDown" finished-at="2022-06-27T15:49:35 EDT" duration-ms="159" status="PASS">
          <reporter-output>
          </reporter-output>
        </test-method> <!-- tearDown -->
        <test-method is-config="true" signature="setup()[pri:0, instance:testCases.RegistrationTest@cfbc8e8]" started-at="2022-06-27T15:49:35 EDT" name="setup" finished-at="2022-06-27T15:49:36 EDT" duration-ms="1082" status="PASS">
          <reporter-output>
          </reporter-output>
        </test-method> <!-- setup -->
        <test-method signature="pwdsLT8CharErrrMasg(java.lang.String,java.lang.String,java.lang.String)[pri:30, instance:testCases.RegistrationTest@cfbc8e8]" started-at="2022-06-27T15:49:36 EDT" name="pwdsLT8CharErrrMasg" data-provider="passwordsLT8characters" finished-at="2022-06-27T15:49:38 EDT" duration-ms="1855" status="FAIL">
          <params>
            <param index="0">
              <value>
                <![CDATA[PK99@mail.com]]>
              </value>
            </param>
            <param index="1">
              <value>
                <![CDATA[abc123]]>
              </value>
            </param>
            <param index="2">
              <value>
                <![CDATA[abc123]]>
              </value>
            </param>
          </params>
          <exception class="java.lang.AssertionError">
            <message>
              <![CDATA[expected [Password should contain atleast 8 characters] but found [password_mismatch:The two password fields didn’t match.]]]>
            </message>
            <full-stacktrace>
              <![CDATA[java.lang.AssertionError: expected [Password should contain atleast 8 characters] but found [password_mismatch:The two password fields didn’t match.]
at org.testng.Assert.fail(Assert.java:99)
at org.testng.Assert.failNotEquals(Assert.java:1037)
at org.testng.Assert.assertEqualsImpl(Assert.java:140)
at org.testng.Assert.assertEquals(Assert.java:122)
at org.testng.Assert.assertEquals(Assert.java:629)
at org.testng.Assert.assertEquals(Assert.java:639)
at testCases.RegistrationTest.pwdsLT8CharErrrMasg(RegistrationTest.java:264)
at java.base/jdk.internal.reflect.NativeMethodAccessorImpl.invoke0(Native Method)
at java.base/jdk.internal.reflect.NativeMethodAccessorImpl.invoke(NativeMethodAccessorImpl.java:77)
at java.base/jdk.internal.reflect.DelegatingMethodAccessorImpl.invoke(DelegatingMethodAccessorImpl.java:43)
at java.base/java.lang.reflect.Method.invoke(Method.java:568)
at org.testng.internal.MethodInvocationHelper.invokeMethod(MethodInvocationHelper.java:133)
at org.testng.internal.TestInvoker.invokeMethod(TestInvoker.java:598)
at org.testng.internal.TestInvoker.invokeTestMethod(TestInvoker.java:173)
at org.testng.internal.MethodRunner.runInSequence(MethodRunner.java:46)
at org.testng.internal.TestInvoker$MethodInvocationAgent.invoke(TestInvoker.java:824)
at org.testng.internal.TestInvoker.invokeTestMethods(TestInvoker.java:146)
at org.testng.internal.TestMethodWorker.invokeTestMethods(TestMethodWorker.java:146)
at org.testng.internal.TestMethodWorker.run(TestMethodWorker.java:128)
at java.base/java.util.ArrayList.forEach(ArrayList.java:1511)
at org.testng.TestRunner.privateRun(TestRunner.java:794)
at org.testng.TestRunner.run(TestRunner.java:596)
at org.testng.SuiteRunner.runTest(SuiteRunner.java:377)
at org.testng.SuiteRunner.runSequentially(SuiteRunner.java:371)
at org.testng.SuiteRunner.privateRun(SuiteRunner.java:332)
at org.testng.SuiteRunner.run(SuiteRunner.java:276)
at org.testng.SuiteRunnerWorker.runSuite(SuiteRunnerWorker.java:53)
at org.testng.SuiteRunnerWorker.run(SuiteRunnerWorker.java:96)
at org.testng.TestNG.runSuitesSequentially(TestNG.java:1212)
at org.testng.TestNG.runSuitesLocally(TestNG.java:1134)
at org.testng.TestNG.runSuites(TestNG.java:1063)
at org.testng.TestNG.run(TestNG.java:1031)
at org.apache.maven.surefire.testng.TestNGExecutor.run(TestNGExecutor.java:283)
at org.apache.maven.surefire.testng.TestNGXmlTestSuite.execute(TestNGXmlTestSuite.java:75)
at org.apache.maven.surefire.testng.TestNGProvider.invoke(TestNGProvider.java:120)
at org.apache.maven.surefire.booter.ForkedBooter.runSuitesInProcess(ForkedBooter.java:377)
at org.apache.maven.surefire.booter.ForkedBooter.execute(ForkedBooter.java:138)
at org.apache.maven.surefire.booter.ForkedBooter.run(ForkedBooter.java:465)
at org.apache.maven.surefire.booter.ForkedBooter.main(ForkedBooter.java:451)
]]>
            </full-stacktrace>
          </exception> <!-- java.lang.AssertionError -->
          <reporter-output>
          </reporter-output>
        </test-method> <!-- pwdsLT8CharErrrMasg -->
        <test-method is-config="true" signature="tearDown()[pri:0, instance:testCases.RegistrationTest@cfbc8e8]" started-at="2022-06-27T15:49:38 EDT" name="tearDown" finished-at="2022-06-27T15:49:38 EDT" duration-ms="154" status="PASS">
          <reporter-output>
          </reporter-output>
        </test-method> <!-- tearDown -->
        <test-method is-config="true" signature="setup()[pri:0, instance:testCases.RegistrationTest@cfbc8e8]" started-at="2022-06-27T15:49:38 EDT" name="setup" finished-at="2022-06-27T15:49:40 EDT" duration-ms="1193" status="PASS">
          <reporter-output>
          </reporter-output>
        </test-method> <!-- setup -->
        <test-method signature="pwdsOnlyNumErrrMasg(java.lang.String,java.lang.String,java.lang.String)[pri:25, instance:testCases.RegistrationTest@cfbc8e8]" started-at="2022-06-27T15:49:40 EDT" name="pwdsOnlyNumErrrMasg" data-provider="passwordsInNumberFormat" finished-at="2022-06-27T15:49:42 EDT" duration-ms="2008" status="FAIL">
          <params>
            <param index="0">
              <value>
                <![CDATA[pk@mail.com]]>
              </value>
            </param>
            <param index="1">
              <value>
                <![CDATA[1.23456789E8]]>
              </value>
            </param>
            <param index="2">
              <value>
                <![CDATA[1.23456789E8]]>
              </value>
            </param>
          </params>
          <exception class="java.lang.AssertionError">
            <message>
              <![CDATA[expected [Your password can’t be entirely numeric.] but found [password_mismatch:The two password fields didn’t match.]]]>
            </message>
            <full-stacktrace>
              <![CDATA[java.lang.AssertionError: expected [Your password can’t be entirely numeric.] but found [password_mismatch:The two password fields didn’t match.]
at org.testng.Assert.fail(Assert.java:99)
at org.testng.Assert.failNotEquals(Assert.java:1037)
at org.testng.Assert.assertEqualsImpl(Assert.java:140)
at org.testng.Assert.assertEquals(Assert.java:122)
at org.testng.Assert.assertEquals(Assert.java:629)
at org.testng.Assert.assertEquals(Assert.java:639)
at testCases.RegistrationTest.pwdsOnlyNumErrrMasg(RegistrationTest.java:177)
at java.base/jdk.internal.reflect.NativeMethodAccessorImpl.invoke0(Native Method)
at java.base/jdk.internal.reflect.NativeMethodAccessorImpl.invoke(NativeMethodAccessorImpl.java:77)
at java.base/jdk.internal.reflect.DelegatingMethodAccessorImpl.invoke(DelegatingMethodAccessorImpl.java:43)
at java.base/java.lang.reflect.Method.invoke(Method.java:568)
at org.testng.internal.MethodInvocationHelper.invokeMethod(MethodInvocationHelper.java:133)
at org.testng.internal.TestInvoker.invokeMethod(TestInvoker.java:598)
at org.testng.internal.TestInvoker.invokeTestMethod(TestInvoker.java:173)
at org.testng.internal.MethodRunner.runInSequence(MethodRunner.java:46)
at org.testng.internal.TestInvoker$MethodInvocationAgent.invoke(TestInvoker.java:824)
at org.testng.internal.TestInvoker.invokeTestMethods(TestInvoker.java:146)
at org.testng.internal.TestMethodWorker.invokeTestMethods(TestMethodWorker.java:146)
at org.testng.internal.TestMethodWorker.run(TestMethodWorker.java:128)
at java.base/java.util.ArrayList.forEach(ArrayList.java:1511)
at org.testng.TestRunner.privateRun(TestRunner.java:794)
at org.testng.TestRunner.run(TestRunner.java:596)
at org.testng.SuiteRunner.runTest(SuiteRunner.java:377)
at org.testng.SuiteRunner.runSequentially(SuiteRunner.java:371)
at org.testng.SuiteRunner.privateRun(SuiteRunner.java:332)
at org.testng.SuiteRunner.run(SuiteRunner.java:276)
at org.testng.SuiteRunnerWorker.runSuite(SuiteRunnerWorker.java:53)
at org.testng.SuiteRunnerWorker.run(SuiteRunnerWorker.java:96)
at org.testng.TestNG.runSuitesSequentially(TestNG.java:1212)
at org.testng.TestNG.runSuitesLocally(TestNG.java:1134)
at org.testng.TestNG.runSuites(TestNG.java:1063)
at org.testng.TestNG.run(TestNG.java:1031)
at org.apache.maven.surefire.testng.TestNGExecutor.run(TestNGExecutor.java:283)
at org.apache.maven.surefire.testng.TestNGXmlTestSuite.execute(TestNGXmlTestSuite.java:75)
at org.apache.maven.surefire.testng.TestNGProvider.invoke(TestNGProvider.java:120)
at org.apache.maven.surefire.booter.ForkedBooter.runSuitesInProcess(ForkedBooter.java:377)
at org.apache.maven.surefire.booter.ForkedBooter.execute(ForkedBooter.java:138)
at org.apache.maven.surefire.booter.ForkedBooter.run(ForkedBooter.java:465)
at org.apache.maven.surefire.booter.ForkedBooter.main(ForkedBooter.java:451)
]]>
            </full-stacktrace>
          </exception> <!-- java.lang.AssertionError -->
          <reporter-output>
          </reporter-output>
        </test-method> <!-- pwdsOnlyNumErrrMasg -->
        <test-method is-config="true" signature="tearDown()[pri:0, instance:testCases.RegistrationTest@cfbc8e8]" started-at="2022-06-27T15:49:42 EDT" name="tearDown" finished-at="2022-06-27T15:49:42 EDT" duration-ms="152" status="PASS">
          <reporter-output>
          </reporter-output>
        </test-method> <!-- tearDown -->
        <test-method is-config="true" signature="setup()[pri:0, instance:testCases.RegistrationTest@cfbc8e8]" started-at="2022-06-27T15:49:42 EDT" name="setup" finished-at="2022-06-27T15:49:43 EDT" duration-ms="1011" status="PASS">
          <reporter-output>
          </reporter-output>
        </test-method> <!-- setup -->
        <test-method signature="registerPageURL()[pri:1, instance:testCases.RegistrationTest@cfbc8e8]" started-at="2022-06-27T15:49:43 EDT" name="registerPageURL" finished-at="2022-06-27T15:49:44 EDT" duration-ms="854" status="PASS">
          <reporter-output>
          </reporter-output>
        </test-method> <!-- registerPageURL -->
        <test-method is-config="true" signature="tearDown()[pri:0, instance:testCases.RegistrationTest@cfbc8e8]" started-at="2022-06-27T15:49:44 EDT" name="tearDown" finished-at="2022-06-27T15:49:44 EDT" duration-ms="162" status="PASS">
          <reporter-output>
          </reporter-output>
        </test-method> <!-- tearDown -->
        <test-method is-config="true" signature="setup()[pri:0, instance:testCases.RegistrationTest@cfbc8e8]" started-at="2022-06-27T15:49:44 EDT" name="setup" finished-at="2022-06-27T15:49:45 EDT" duration-ms="1190" status="PASS">
          <reporter-output>
          </reporter-output>
        </test-method> <!-- setup -->
        <test-method signature="userNamewithNACharcters(java.lang.String,java.lang.String,java.lang.String)[pri:15, instance:testCases.RegistrationTest@cfbc8e8]" started-at="2022-06-27T15:49:45 EDT" name="userNamewithNACharcters" data-provider="userNAmeNACharacters" finished-at="2022-06-27T15:49:47 EDT" duration-ms="1823" status="FAIL">
          <params>
            <param index="0">
              <value>
                <![CDATA[PK##@mail.com]]>
              </value>
            </param>
            <param index="1">
              <value>
                <![CDATA[abcd12345]]>
              </value>
            </param>
            <param index="2">
              <value>
                <![CDATA[abcd12345]]>
              </value>
            </param>
          </params>
          <exception class="java.lang.AssertionError">
            <message>
              <![CDATA[expected [Please enter a valid username] but found [password_mismatch:The two password fields didn’t match.]]]>
            </message>
            <full-stacktrace>
              <![CDATA[java.lang.AssertionError: expected [Please enter a valid username] but found [password_mismatch:The two password fields didn’t match.]
at org.testng.Assert.fail(Assert.java:99)
at org.testng.Assert.failNotEquals(Assert.java:1037)
at org.testng.Assert.assertEqualsImpl(Assert.java:140)
at org.testng.Assert.assertEquals(Assert.java:122)
at org.testng.Assert.assertEquals(Assert.java:629)
at org.testng.Assert.assertEquals(Assert.java:639)
at testCases.RegistrationTest.userNamewithNACharcters(RegistrationTest.java:206)
at java.base/jdk.internal.reflect.NativeMethodAccessorImpl.invoke0(Native Method)
at java.base/jdk.internal.reflect.NativeMethodAccessorImpl.invoke(NativeMethodAccessorImpl.java:77)
at java.base/jdk.internal.reflect.DelegatingMethodAccessorImpl.invoke(DelegatingMethodAccessorImpl.java:43)
at java.base/java.lang.reflect.Method.invoke(Method.java:568)
at org.testng.internal.MethodInvocationHelper.invokeMethod(MethodInvocationHelper.java:133)
at org.testng.internal.TestInvoker.invokeMethod(TestInvoker.java:598)
at org.testng.internal.TestInvoker.invokeTestMethod(TestInvoker.java:173)
at org.testng.internal.MethodRunner.runInSequence(MethodRunner.java:46)
at org.testng.internal.TestInvoker$MethodInvocationAgent.invoke(TestInvoker.java:824)
at org.testng.internal.TestInvoker.invokeTestMethods(TestInvoker.java:146)
at org.testng.internal.TestMethodWorker.invokeTestMethods(TestMethodWorker.java:146)
at org.testng.internal.TestMethodWorker.run(TestMethodWorker.java:128)
at java.base/java.util.ArrayList.forEach(ArrayList.java:1511)
at org.testng.TestRunner.privateRun(TestRunner.java:794)
at org.testng.TestRunner.run(TestRunner.java:596)
at org.testng.SuiteRunner.runTest(SuiteRunner.java:377)
at org.testng.SuiteRunner.runSequentially(SuiteRunner.java:371)
at org.testng.SuiteRunner.privateRun(SuiteRunner.java:332)
at org.testng.SuiteRunner.run(SuiteRunner.java:276)
at org.testng.SuiteRunnerWorker.runSuite(SuiteRunnerWorker.java:53)
at org.testng.SuiteRunnerWorker.run(SuiteRunnerWorker.java:96)
at org.testng.TestNG.runSuitesSequentially(TestNG.java:1212)
at org.testng.TestNG.runSuitesLocally(TestNG.java:1134)
at org.testng.TestNG.runSuites(TestNG.java:1063)
at org.testng.TestNG.run(TestNG.java:1031)
at org.apache.maven.surefire.testng.TestNGExecutor.run(TestNGExecutor.java:283)
at org.apache.maven.surefire.testng.TestNGXmlTestSuite.execute(TestNGXmlTestSuite.java:75)
at org.apache.maven.surefire.testng.TestNGProvider.invoke(TestNGProvider.java:120)
at org.apache.maven.surefire.booter.ForkedBooter.runSuitesInProcess(ForkedBooter.java:377)
at org.apache.maven.surefire.booter.ForkedBooter.execute(ForkedBooter.java:138)
at org.apache.maven.surefire.booter.ForkedBooter.run(ForkedBooter.java:465)
at org.apache.maven.surefire.booter.ForkedBooter.main(ForkedBooter.java:451)
]]>
            </full-stacktrace>
          </exception> <!-- java.lang.AssertionError -->
          <reporter-output>
          </reporter-output>
        </test-method> <!-- userNamewithNACharcters -->
        <test-method is-config="true" signature="tearDown()[pri:0, instance:testCases.RegistrationTest@cfbc8e8]" started-at="2022-06-27T15:49:47 EDT" name="tearDown" finished-at="2022-06-27T15:49:48 EDT" duration-ms="161" status="PASS">
          <reporter-output>
          </reporter-output>
        </test-method> <!-- tearDown -->
        <test-method is-config="true" signature="setup()[pri:0, instance:testCases.RegistrationTest@cfbc8e8]" started-at="2022-06-27T15:49:48 EDT" name="setup" finished-at="2022-06-27T15:49:49 EDT" duration-ms="1240" status="PASS">
          <reporter-output>
          </reporter-output>
        </test-method> <!-- setup -->
        <test-method signature="usernameHovermsg()[pri:3, instance:testCases.RegistrationTest@cfbc8e8]" started-at="2022-06-27T15:49:49 EDT" name="usernameHovermsg" finished-at="2022-06-27T15:49:51 EDT" duration-ms="2114" status="PASS">
          <reporter-output>
          </reporter-output>
        </test-method> <!-- usernameHovermsg -->
        <test-method is-config="true" signature="tearDown()[pri:0, instance:testCases.RegistrationTest@cfbc8e8]" started-at="2022-06-27T15:49:51 EDT" name="tearDown" finished-at="2022-06-27T15:49:51 EDT" duration-ms="172" status="PASS">
          <reporter-output>
          </reporter-output>
        </test-method> <!-- tearDown -->
      </class> <!-- testCases.RegistrationTest -->
      <class name="testCases.GetStartedTest">
        <test-method is-config="true" signature="loadConfig()[pri:0, instance:testCases.GetStartedTest@dcc6211]" started-at="2022-06-27T15:45:56 EDT" name="loadConfig" finished-at="2022-06-27T15:45:56 EDT" duration-ms="341" status="PASS">
          <reporter-output>
          </reporter-output>
        </test-method> <!-- loadConfig -->
        <test-method is-config="true" signature="setup()[pri:0, instance:testCases.GetStartedTest@dcc6211]" started-at="2022-06-27T15:45:56 EDT" name="setup" finished-at="2022-06-27T15:45:58 EDT" duration-ms="2479" status="PASS">
          <reporter-output>
          </reporter-output>
        </test-method> <!-- setup -->
        <test-method signature="getSarted()[pri:0, instance:testCases.GetStartedTest@dcc6211]" started-at="2022-06-27T15:45:59 EDT" name="getSarted" finished-at="2022-06-27T15:45:59 EDT" duration-ms="875" status="PASS">
          <reporter-output>
          </reporter-output>
        </test-method> <!-- getSarted -->
        <test-method is-config="true" signature="tearDown()[pri:0, instance:testCases.GetStartedTest@dcc6211]" started-at="2022-06-27T15:45:59 EDT" name="tearDown" finished-at="2022-06-27T15:46:00 EDT" duration-ms="177" status="PASS">
          <reporter-output>
          </reporter-output>
        </test-method> <!-- tearDown -->
        <test-method is-config="true" signature="afterSuite()[pri:0, instance:testCases.GetStartedTest@dcc6211]" started-at="2022-06-27T15:49:51 EDT" name="afterSuite" finished-at="2022-06-27T15:49:52 EDT" duration-ms="409" status="PASS">
          <reporter-output>
          </reporter-output>
        </test-method> <!-- afterSuite -->
      </class> <!-- testCases.GetStartedTest -->
      <class name="testCases.DataStructTest">
        <test-method is-config="true" signature="browsersetup()[pri:0, instance:testCases.DataStructTest@33b082c5]" started-at="2022-06-27T15:48:14 EDT" name="browsersetup" finished-at="2022-06-27T15:48:17 EDT" duration-ms="3899" status="PASS">
          <reporter-output>
          </reporter-output>
        </test-method> <!-- browsersetup -->
        <test-method signature="clciktimecomplex()[pri:0, instance:testCases.DataStructTest@33b082c5]" started-at="2022-06-27T15:48:17 EDT" name="clciktimecomplex" finished-at="2022-06-27T15:48:18 EDT" duration-ms="317" status="PASS">
          <reporter-output>
          </reporter-output>
        </test-method> <!-- clciktimecomplex -->
        <test-method is-config="true" signature="tearDown()[pri:0, instance:testCases.DataStructTest@33b082c5]" started-at="2022-06-27T15:48:18 EDT" name="tearDown" finished-at="2022-06-27T15:48:18 EDT" duration-ms="145" status="PASS">
          <reporter-output>
          </reporter-output>
        </test-method> <!-- tearDown -->
      </class> <!-- testCases.DataStructTest -->
      <class name="testCases.ArrayTest">
        <test-method is-config="true" signature="setup()[pri:0, instance:testCases.ArrayTest@3cd59ef5]" started-at="2022-06-27T15:48:03 EDT" name="setup" finished-at="2022-06-27T15:48:03 EDT" duration-ms="0" status="PASS">
          <reporter-output>
          </reporter-output>
        </test-method> <!-- setup -->
        <test-method is-config="true" signature="browsersetup()[pri:0, instance:testCases.ArrayTest@3cd59ef5]" started-at="2022-06-27T15:48:03 EDT" name="browsersetup" finished-at="2022-06-27T15:48:07 EDT" duration-ms="3797" status="PASS">
          <reporter-output>
          </reporter-output>
        </test-method> <!-- browsersetup -->
        <test-method signature="ArrayPage()[pri:0, instance:testCases.ArrayTest@3cd59ef5]" started-at="2022-06-27T15:48:07 EDT" name="ArrayPage" finished-at="2022-06-27T15:48:07 EDT" duration-ms="6" status="PASS">
          <reporter-output>
          </reporter-output>
        </test-method> <!-- ArrayPage -->
        <test-method is-config="true" signature="backnav()[pri:0, instance:testCases.ArrayTest@3cd59ef5]" started-at="2022-06-27T15:48:07 EDT" name="backnav" finished-at="2022-06-27T15:48:07 EDT" duration-ms="159" status="PASS">
          <reporter-output>
          </reporter-output>
        </test-method> <!-- backnav -->
        <test-method is-config="true" signature="browsersetup()[pri:0, instance:testCases.ArrayTest@3cd59ef5]" started-at="2022-06-27T15:48:07 EDT" name="browsersetup" finished-at="2022-06-27T15:48:11 EDT" duration-ms="4089" status="PASS">
          <reporter-output>
          </reporter-output>
        </test-method> <!-- browsersetup -->
        <test-method signature="arraypython()[pri:0, instance:testCases.ArrayTest@3cd59ef5]" started-at="2022-06-27T15:48:11 EDT" name="arraypython" finished-at="2022-06-27T15:48:13 EDT" duration-ms="2541" status="PASS">
          <reporter-output>
          </reporter-output>
        </test-method> <!-- arraypython -->
        <test-method is-config="true" signature="backnav()[pri:0, instance:testCases.ArrayTest@3cd59ef5]" started-at="2022-06-27T15:48:13 EDT" name="backnav" finished-at="2022-06-27T15:48:14 EDT" duration-ms="146" status="PASS">
          <reporter-output>
          </reporter-output>
        </test-method> <!-- backnav -->
        <test-method is-config="true" signature="tearDown()[pri:0, instance:testCases.ArrayTest@3cd59ef5]" started-at="2022-06-27T15:48:14 EDT" name="tearDown" finished-at="2022-06-27T15:48:14 EDT" duration-ms="0" status="PASS">
          <reporter-output>
          </reporter-output>
        </test-method> <!-- tearDown -->
      </class> <!-- testCases.ArrayTest -->
      <class name="testCases.GraphTest">
        <test-method is-config="true" signature="setup()[pri:0, instance:testCases.GraphTest@14f3c6fc]" started-at="2022-06-27T15:47:42 EDT" name="setup" finished-at="2022-06-27T15:47:43 EDT" duration-ms="1133" status="PASS">
          <reporter-output>
          </reporter-output>
        </test-method> <!-- setup -->
        <test-method signature="GraphRepreOngraphPageURL()[pri:15, instance:testCases.GraphTest@14f3c6fc]" started-at="2022-06-27T15:47:43 EDT" name="GraphRepreOngraphPageURL" finished-at="2022-06-27T15:47:46 EDT" duration-ms="2952" status="PASS">
          <reporter-output>
          </reporter-output>
        </test-method> <!-- GraphRepreOngraphPageURL -->
        <test-method is-config="true" signature="tearDown()[pri:0, instance:testCases.GraphTest@14f3c6fc]" started-at="2022-06-27T15:47:46 EDT" name="tearDown" finished-at="2022-06-27T15:47:46 EDT" duration-ms="163" status="PASS">
          <reporter-output>
          </reporter-output>
        </test-method> <!-- tearDown -->
        <test-method is-config="true" signature="setup()[pri:0, instance:testCases.GraphTest@14f3c6fc]" started-at="2022-06-27T15:47:46 EDT" name="setup" finished-at="2022-06-27T15:47:47 EDT" duration-ms="1240" status="PASS">
          <reporter-output>
          </reporter-output>
        </test-method> <!-- setup -->
        <test-method signature="TryHereGraphOngraphPageURL()[pri:10, instance:testCases.GraphTest@14f3c6fc]" started-at="2022-06-27T15:47:47 EDT" name="TryHereGraphOngraphPageURL" finished-at="2022-06-27T15:47:53 EDT" duration-ms="5770" status="PASS">
          <reporter-output>
          </reporter-output>
        </test-method> <!-- TryHereGraphOngraphPageURL -->
        <test-method is-config="true" signature="tearDown()[pri:0, instance:testCases.GraphTest@14f3c6fc]" started-at="2022-06-27T15:47:53 EDT" name="tearDown" finished-at="2022-06-27T15:47:53 EDT" duration-ms="188" status="PASS">
          <reporter-output>
          </reporter-output>
        </test-method> <!-- tearDown -->
        <test-method is-config="true" signature="setup()[pri:0, instance:testCases.GraphTest@14f3c6fc]" started-at="2022-06-27T15:47:53 EDT" name="setup" finished-at="2022-06-27T15:47:54 EDT" duration-ms="1147" status="PASS">
          <reporter-output>
          </reporter-output>
        </test-method> <!-- setup -->
        <test-method signature="TryHereGraphrepresenationOngraphPageURL()[pri:10, instance:testCases.GraphTest@14f3c6fc]" started-at="2022-06-27T15:47:54 EDT" name="TryHereGraphrepresenationOngraphPageURL" finished-at="2022-06-27T15:47:59 EDT" duration-ms="4478" status="PASS">
          <reporter-output>
          </reporter-output>
        </test-method> <!-- TryHereGraphrepresenationOngraphPageURL -->
        <test-method is-config="true" signature="tearDown()[pri:0, instance:testCases.GraphTest@14f3c6fc]" started-at="2022-06-27T15:47:59 EDT" name="tearDown" finished-at="2022-06-27T15:47:59 EDT" duration-ms="162" status="PASS">
          <reporter-output>
          </reporter-output>
        </test-method> <!-- tearDown -->
        <test-method is-config="true" signature="setup()[pri:0, instance:testCases.GraphTest@14f3c6fc]" started-at="2022-06-27T15:47:59 EDT" name="setup" finished-at="2022-06-27T15:48:00 EDT" duration-ms="1352" status="PASS">
          <reporter-output>
          </reporter-output>
        </test-method> <!-- setup -->
        <test-method signature="graphPageURL()[pri:1, instance:testCases.GraphTest@14f3c6fc]" started-at="2022-06-27T15:48:00 EDT" name="graphPageURL" finished-at="2022-06-27T15:48:03 EDT" duration-ms="2349" status="PASS">
          <reporter-output>
          </reporter-output>
        </test-method> <!-- graphPageURL -->
        <test-method is-config="true" signature="tearDown()[pri:0, instance:testCases.GraphTest@14f3c6fc]" started-at="2022-06-27T15:48:03 EDT" name="tearDown" finished-at="2022-06-27T15:48:03 EDT" duration-ms="150" status="PASS">
          <reporter-output>
          </reporter-output>
        </test-method> <!-- tearDown -->
      </class> <!-- testCases.GraphTest -->
      <class name="testCases.LinkedListTest">
        <test-method is-config="true" signature="setup()[pri:0, instance:testCases.LinkedListTest@a20b94b]" started-at="2022-06-27T15:46:29 EDT" name="setup" finished-at="2022-06-27T15:46:33 EDT" duration-ms="3797" status="PASS">
          <reporter-output>
          </reporter-output>
        </test-method> <!-- setup -->
        <test-method signature="creatingLlistpage(java.lang.String,java.lang.String)[pri:2, instance:testCases.LinkedListTest@a20b94b]" started-at="2022-06-27T15:46:33 EDT" name="creatingLlistpage" data-provider="PyCode" finished-at="2022-06-27T15:46:36 EDT" duration-ms="3069" status="PASS">
          <params>
            <param index="0">
              <value>
                <![CDATA[print "python"]]>
              </value>
            </param>
            <param index="1">
              <value>
                <![CDATA[python]]>
              </value>
            </param>
          </params>
          <reporter-output>
          </reporter-output>
        </test-method> <!-- creatingLlistpage -->
        <test-method is-config="true" signature="tearDown()[pri:0, instance:testCases.LinkedListTest@a20b94b]" started-at="2022-06-27T15:46:36 EDT" name="tearDown" finished-at="2022-06-27T15:46:36 EDT" duration-ms="189" status="PASS">
          <reporter-output>
          </reporter-output>
        </test-method> <!-- tearDown -->
        <test-method is-config="true" signature="setup()[pri:0, instance:testCases.LinkedListTest@a20b94b]" started-at="2022-06-27T15:46:36 EDT" name="setup" finished-at="2022-06-27T15:46:40 EDT" duration-ms="3966" status="PASS">
          <reporter-output>
          </reporter-output>
        </test-method> <!-- setup -->
        <test-method signature="creatingLlistpage(java.lang.String,java.lang.String)[pri:2, instance:testCases.LinkedListTest@a20b94b]" started-at="2022-06-27T15:46:40 EDT" name="creatingLlistpage" data-provider="PyCode" finished-at="2022-06-27T15:46:42 EDT" duration-ms="1695" status="PASS">
          <params>
            <param index="0">
              <value>
                <![CDATA[print "hello"]]>
              </value>
            </param>
            <param index="1">
              <value>
                <![CDATA[hello]]>
              </value>
            </param>
          </params>
          <reporter-output>
          </reporter-output>
        </test-method> <!-- creatingLlistpage -->
        <test-method is-config="true" signature="tearDown()[pri:0, instance:testCases.LinkedListTest@a20b94b]" started-at="2022-06-27T15:46:42 EDT" name="tearDown" finished-at="2022-06-27T15:46:42 EDT" duration-ms="163" status="PASS">
          <reporter-output>
          </reporter-output>
        </test-method> <!-- tearDown -->
        <test-method is-config="true" signature="setup()[pri:0, instance:testCases.LinkedListTest@a20b94b]" started-at="2022-06-27T15:46:42 EDT" name="setup" finished-at="2022-06-27T15:46:46 EDT" duration-ms="3959" status="PASS">
          <reporter-output>
          </reporter-output>
        </test-method> <!-- setup -->
        <test-method signature="deletionPage()[pri:7, instance:testCases.LinkedListTest@a20b94b]" started-at="2022-06-27T15:46:46 EDT" name="deletionPage" finished-at="2022-06-27T15:46:49 EDT" duration-ms="2741" status="PASS">
          <reporter-output>
          </reporter-output>
        </test-method> <!-- deletionPage -->
        <test-method is-config="true" signature="tearDown()[pri:0, instance:testCases.LinkedListTest@a20b94b]" started-at="2022-06-27T15:46:49 EDT" name="tearDown" finished-at="2022-06-27T15:46:49 EDT" duration-ms="175" status="PASS">
          <reporter-output>
          </reporter-output>
        </test-method> <!-- tearDown -->
        <test-method is-config="true" signature="setup()[pri:0, instance:testCases.LinkedListTest@a20b94b]" started-at="2022-06-27T15:46:49 EDT" name="setup" finished-at="2022-06-27T15:46:52 EDT" duration-ms="3725" status="PASS">
          <reporter-output>
          </reporter-output>
        </test-method> <!-- setup -->
        <test-method signature="implLlistInPyPage()[pri:4, instance:testCases.LinkedListTest@a20b94b]" started-at="2022-06-27T15:46:52 EDT" name="implLlistInPyPage" finished-at="2022-06-27T15:46:55 EDT" duration-ms="2274" status="PASS">
          <reporter-output>
          </reporter-output>
        </test-method> <!-- implLlistInPyPage -->
        <test-method is-config="true" signature="tearDown()[pri:0, instance:testCases.LinkedListTest@a20b94b]" started-at="2022-06-27T15:46:55 EDT" name="tearDown" finished-at="2022-06-27T15:46:55 EDT" duration-ms="163" status="PASS">
          <reporter-output>
          </reporter-output>
        </test-method> <!-- tearDown -->
        <test-method is-config="true" signature="setup()[pri:0, instance:testCases.LinkedListTest@a20b94b]" started-at="2022-06-27T15:46:55 EDT" name="setup" finished-at="2022-06-27T15:46:59 EDT" duration-ms="4466" status="PASS">
          <reporter-output>
          </reporter-output>
        </test-method> <!-- setup -->
        <test-method signature="insertionPage()[pri:6, instance:testCases.LinkedListTest@a20b94b]" started-at="2022-06-27T15:46:59 EDT" name="insertionPage" finished-at="2022-06-27T15:47:01 EDT" duration-ms="1851" status="PASS">
          <reporter-output>
          </reporter-output>
        </test-method> <!-- insertionPage -->
        <test-method is-config="true" signature="tearDown()[pri:0, instance:testCases.LinkedListTest@a20b94b]" started-at="2022-06-27T15:47:01 EDT" name="tearDown" finished-at="2022-06-27T15:47:01 EDT" duration-ms="169" status="PASS">
          <reporter-output>
          </reporter-output>
        </test-method> <!-- tearDown -->
        <test-method is-config="true" signature="setup()[pri:0, instance:testCases.LinkedListTest@a20b94b]" started-at="2022-06-27T15:47:01 EDT" name="setup" finished-at="2022-06-27T15:47:05 EDT" duration-ms="3624" status="PASS">
          <reporter-output>
          </reporter-output>
        </test-method> <!-- setup -->
        <test-method signature="introductionpage()[pri:1, instance:testCases.LinkedListTest@a20b94b]" started-at="2022-06-27T15:47:05 EDT" name="introductionpage" finished-at="2022-06-27T15:47:09 EDT" duration-ms="4402" status="PASS">
          <reporter-output>
          </reporter-output>
        </test-method> <!-- introductionpage -->
        <test-method is-config="true" signature="tearDown()[pri:0, instance:testCases.LinkedListTest@a20b94b]" started-at="2022-06-27T15:47:09 EDT" name="tearDown" finished-at="2022-06-27T15:47:10 EDT" duration-ms="155" status="PASS">
          <reporter-output>
          </reporter-output>
        </test-method> <!-- tearDown -->
        <test-method is-config="true" signature="setup()[pri:0, instance:testCases.LinkedListTest@a20b94b]" started-at="2022-06-27T15:47:10 EDT" name="setup" finished-at="2022-06-27T15:47:13 EDT" duration-ms="3859" status="PASS">
          <reporter-output>
          </reporter-output>
        </test-method> <!-- setup -->
        <test-method signature="pracQuestionsPage()[pri:8, instance:testCases.LinkedListTest@a20b94b]" started-at="2022-06-27T15:47:13 EDT" name="pracQuestionsPage" finished-at="2022-06-27T15:47:15 EDT" duration-ms="1044" status="PASS">
          <reporter-output>
          </reporter-output>
        </test-method> <!-- pracQuestionsPage -->
        <test-method is-config="true" signature="tearDown()[pri:0, instance:testCases.LinkedListTest@a20b94b]" started-at="2022-06-27T15:47:15 EDT" name="tearDown" finished-at="2022-06-27T15:47:15 EDT" duration-ms="181" status="PASS">
          <reporter-output>
          </reporter-output>
        </test-method> <!-- tearDown -->
        <test-method is-config="true" signature="setup()[pri:0, instance:testCases.LinkedListTest@a20b94b]" started-at="2022-06-27T15:47:15 EDT" name="setup" finished-at="2022-06-27T15:47:18 EDT" duration-ms="3608" status="PASS">
          <reporter-output>
          </reporter-output>
        </test-method> <!-- setup -->
        <test-method signature="traversalPage()[pri:5, instance:testCases.LinkedListTest@a20b94b]" started-at="2022-06-27T15:47:18 EDT" name="traversalPage" finished-at="2022-06-27T15:47:20 EDT" duration-ms="1761" status="PASS">
          <reporter-output>
          </reporter-output>
        </test-method> <!-- traversalPage -->
        <test-method is-config="true" signature="tearDown()[pri:0, instance:testCases.LinkedListTest@a20b94b]" started-at="2022-06-27T15:47:20 EDT" name="tearDown" finished-at="2022-06-27T15:47:20 EDT" duration-ms="168" status="PASS">
          <reporter-output>
          </reporter-output>
        </test-method> <!-- tearDown -->
        <test-method is-config="true" signature="setup()[pri:0, instance:testCases.LinkedListTest@a20b94b]" started-at="2022-06-27T15:47:20 EDT" name="setup" finished-at="2022-06-27T15:47:24 EDT" duration-ms="3777" status="PASS">
          <reporter-output>
          </reporter-output>
        </test-method> <!-- setup -->
        <test-method signature="typesOfLlistPage()[pri:3, instance:testCases.LinkedListTest@a20b94b]" started-at="2022-06-27T15:47:24 EDT" name="typesOfLlistPage" finished-at="2022-06-27T15:47:27 EDT" duration-ms="2532" status="PASS">
          <reporter-output>
          </reporter-output>
        </test-method> <!-- typesOfLlistPage -->
        <test-method is-config="true" signature="tearDown()[pri:0, instance:testCases.LinkedListTest@a20b94b]" started-at="2022-06-27T15:47:27 EDT" name="tearDown" finished-at="2022-06-27T15:47:27 EDT" duration-ms="177" status="PASS">
          <reporter-output>
          </reporter-output>
        </test-method> <!-- tearDown -->
      </class> <!-- testCases.LinkedListTest -->
      <class name="testCases.StackPageTest">
        <test-method is-config="true" signature="BrowseSetup()[pri:0, instance:testCases.StackPageTest@16073fa8]" started-at="2022-06-27T15:48:18 EDT" name="BrowseSetup" finished-at="2022-06-27T15:48:22 EDT" duration-ms="3722" status="PASS">
          <reporter-output>
          </reporter-output>
        </test-method> <!-- BrowseSetup -->
        <test-method signature="ApplicationsInStackPage()[pri:4, instance:testCases.StackPageTest@16073fa8]" started-at="2022-06-27T15:48:22 EDT" name="ApplicationsInStackPage" finished-at="2022-06-27T15:48:23 EDT" duration-ms="1769" status="PASS">
          <reporter-output>
          </reporter-output>
        </test-method> <!-- ApplicationsInStackPage -->
        <test-method is-config="true" signature="tearDown()[pri:0, instance:testCases.StackPageTest@16073fa8]" started-at="2022-06-27T15:48:23 EDT" name="tearDown" finished-at="2022-06-27T15:48:24 EDT" duration-ms="172" status="PASS">
          <reporter-output>
          </reporter-output>
        </test-method> <!-- tearDown -->
        <test-method is-config="true" signature="BrowseSetup()[pri:0, instance:testCases.StackPageTest@16073fa8]" started-at="2022-06-27T15:48:24 EDT" name="BrowseSetup" finished-at="2022-06-27T15:48:27 EDT" duration-ms="3617" status="PASS">
          <reporter-output>
          </reporter-output>
        </test-method> <!-- BrowseSetup -->
        <test-method signature="implementationInStackPage()[pri:3, instance:testCases.StackPageTest@16073fa8]" started-at="2022-06-27T15:48:27 EDT" name="implementationInStackPage" finished-at="2022-06-27T15:48:29 EDT" duration-ms="1683" status="PASS">
          <reporter-output>
          </reporter-output>
        </test-method> <!-- implementationInStackPage -->
        <test-method is-config="true" signature="tearDown()[pri:0, instance:testCases.StackPageTest@16073fa8]" started-at="2022-06-27T15:48:29 EDT" name="tearDown" finished-at="2022-06-27T15:48:29 EDT" duration-ms="168" status="PASS">
          <reporter-output>
          </reporter-output>
        </test-method> <!-- tearDown -->
        <test-method is-config="true" signature="BrowseSetup()[pri:0, instance:testCases.StackPageTest@16073fa8]" started-at="2022-06-27T15:48:29 EDT" name="BrowseSetup" finished-at="2022-06-27T15:48:33 EDT" duration-ms="3698" status="PASS">
          <reporter-output>
          </reporter-output>
        </test-method> <!-- BrowseSetup -->
        <test-method signature="operationInStackPage(java.lang.String,java.lang.String)[pri:2, instance:testCases.StackPageTest@16073fa8]" started-at="2022-06-27T15:48:33 EDT" name="operationInStackPage" data-provider="PyCode" finished-at="2022-06-27T15:48:35 EDT" duration-ms="1895" status="PASS">
          <params>
            <param index="0">
              <value>
                <![CDATA[print "python"]]>
              </value>
            </param>
            <param index="1">
              <value>
                <![CDATA[python]]>
              </value>
            </param>
          </params>
          <reporter-output>
          </reporter-output>
        </test-method> <!-- operationInStackPage -->
        <test-method is-config="true" signature="tearDown()[pri:0, instance:testCases.StackPageTest@16073fa8]" started-at="2022-06-27T15:48:35 EDT" name="tearDown" finished-at="2022-06-27T15:48:35 EDT" duration-ms="173" status="PASS">
          <reporter-output>
          </reporter-output>
        </test-method> <!-- tearDown -->
        <test-method is-config="true" signature="BrowseSetup()[pri:0, instance:testCases.StackPageTest@16073fa8]" started-at="2022-06-27T15:48:35 EDT" name="BrowseSetup" finished-at="2022-06-27T15:48:39 EDT" duration-ms="3793" status="PASS">
          <reporter-output>
          </reporter-output>
        </test-method> <!-- BrowseSetup -->
        <test-method signature="operationInStackPage(java.lang.String,java.lang.String)[pri:2, instance:testCases.StackPageTest@16073fa8]" started-at="2022-06-27T15:48:39 EDT" name="operationInStackPage" data-provider="PyCode" finished-at="2022-06-27T15:48:40 EDT" duration-ms="1838" status="PASS">
          <params>
            <param index="0">
              <value>
                <![CDATA[print "hello"]]>
              </value>
            </param>
            <param index="1">
              <value>
                <![CDATA[hello]]>
              </value>
            </param>
          </params>
          <reporter-output>
          </reporter-output>
        </test-method> <!-- operationInStackPage -->
        <test-method is-config="true" signature="tearDown()[pri:0, instance:testCases.StackPageTest@16073fa8]" started-at="2022-06-27T15:48:40 EDT" name="tearDown" finished-at="2022-06-27T15:48:41 EDT" duration-ms="158" status="PASS">
          <reporter-output>
          </reporter-output>
        </test-method> <!-- tearDown -->
        <test-method is-config="true" signature="BrowseSetup()[pri:0, instance:testCases.StackPageTest@16073fa8]" started-at="2022-06-27T15:48:41 EDT" name="BrowseSetup" finished-at="2022-06-27T15:48:44 EDT" duration-ms="3658" status="PASS">
          <reporter-output>
          </reporter-output>
        </test-method> <!-- BrowseSetup -->
        <test-method signature="stackPageURL()[pri:1, instance:testCases.StackPageTest@16073fa8]" started-at="2022-06-27T15:48:44 EDT" name="stackPageURL" finished-at="2022-06-27T15:48:44 EDT" duration-ms="10" status="PASS">
          <reporter-output>
          </reporter-output>
        </test-method> <!-- stackPageURL -->
        <test-method is-config="true" signature="tearDown()[pri:0, instance:testCases.StackPageTest@16073fa8]" started-at="2022-06-27T15:48:44 EDT" name="tearDown" finished-at="2022-06-27T15:48:44 EDT" duration-ms="158" status="PASS">
          <reporter-output>
          </reporter-output>
        </test-method> <!-- tearDown -->
      </class> <!-- testCases.StackPageTest -->
    </test> <!-- Test -->
  </suite> <!-- Suite -->
</testng-results>
